Using pre-set license
Built from '2020.3/staging' branch; Version is '2020.3.21f1 (a38c86f6690f) revision 10718342'; Using compiler version '192528614'; Build Type 'Release'
OS: 'Windows 10 Home Single Language; OS build 22000.318; Version 2009; 64bit' Language: 'en' Physical Memory: 16232 MB
BatchMode: 1, IsHumanControllingUs: 0, StartBugReporterOnCrash: 0, Is64bit: 1, IsPro: 0

COMMAND LINE ARGUMENTS:
C:\Program Files\Unity\Hub\Editor\2020.3.21f1\Editor\Unity.exe
-adb2
-batchMode
-noUpm
-name
AssetImportWorker0
-projectPath
C:/Users/user/Desktop/3D Game Development/Thesaurus
-logFile
Logs/AssetImportWorker0.log
-srvPort
55745
Successfully changed project path to: C:/Users/user/Desktop/3D Game Development/Thesaurus
C:/Users/user/Desktop/3D Game Development/Thesaurus
Using Asset Import Pipeline V2.
Refreshing native plugins compatible for Editor in 154.26 ms, found 2 plugins.
Preloading 0 native plugins for Editor in 0.00 ms.
Initialize engine version: 2020.3.21f1 (a38c86f6690f)
[Subsystems] Discovering subsystems at path C:/Program Files/Unity/Hub/Editor/2020.3.21f1/Editor/Data/Resources/UnitySubsystems
[Subsystems] Discovering subsystems at path C:/Users/user/Desktop/3D Game Development/Thesaurus/Assets
GfxDevice: creating device client; threaded=0
Direct3D:
    Version:  Direct3D 11.0 [level 11.1]
    Renderer: NVIDIA GeForce GTX 1650 (ID=0x1f91)
    Vendor:   
    VRAM:     3962 MB
    Driver:   30.0.14.9676
Initialize mono
Mono path[0] = 'C:/Program Files/Unity/Hub/Editor/2020.3.21f1/Editor/Data/Managed'
Mono path[1] = 'C:/Program Files/Unity/Hub/Editor/2020.3.21f1/Editor/Data/MonoBleedingEdge/lib/mono/unityjit'
Mono config path = 'C:/Program Files/Unity/Hub/Editor/2020.3.21f1/Editor/Data/MonoBleedingEdge/etc'
Using monoOptions --debugger-agent=transport=dt_socket,embedding=1,server=y,suspend=n,address=127.0.0.1:56892
Begin MonoManager ReloadAssembly
Registering precompiled unity dll's ...
Register platform support module: C:/Program Files/Unity/Hub/Editor/2020.3.21f1/Editor/Data/PlaybackEngines/WindowsStandaloneSupport/UnityEditor.WindowsStandalone.Extensions.dll
Registered in 0.001193 seconds.
Native extension for WindowsStandalone target not found
Refreshing native plugins compatible for Editor in 72.48 ms, found 2 plugins.
Preloading 0 native plugins for Editor in 0.00 ms.
Mono: successfully reloaded assembly
- Completed reload, in  1.173 seconds
Domain Reload Profiling:
	ReloadAssembly (1174ms)
		BeginReloadAssembly (58ms)
			ExecutionOrderSort (0ms)
			DisableScriptedObjects (0ms)
			BackupInstance (0ms)
			ReleaseScriptingObjects (0ms)
			CreateAndSetChildDomain (1ms)
		EndReloadAssembly (468ms)
			LoadAssemblies (56ms)
			RebuildTransferFunctionScriptingTraits (0ms)
			SetupTypeCache (143ms)
			ReleaseScriptCaches (0ms)
			RebuildScriptCaches (33ms)
			SetupLoadedEditorAssemblies (196ms)
				LogAssemblyErrors (0ms)
				InitializePlatformSupportModulesInManaged (4ms)
				SetLoadedEditorAssemblies (0ms)
				RefreshPlugins (73ms)
				BeforeProcessingInitializeOnLoad (16ms)
				ProcessInitializeOnLoadAttributes (74ms)
				ProcessInitializeOnLoadMethodAttributes (30ms)
				AfterProcessingInitializeOnLoad (0ms)
				EditorAssembliesLoaded (0ms)
			ExecutionOrderSort2 (0ms)
			AwakeInstancesAfterBackupRestoration (0ms)
Platform modules already initialized, skipping
Registering precompiled user dll's ...
Registered in 0.008468 seconds.
Begin MonoManager ReloadAssembly
Native extension for WindowsStandalone target not found
Refreshing native plugins compatible for Editor in 68.11 ms, found 2 plugins.
Preloading 0 native plugins for Editor in 0.00 ms.
Mono: successfully reloaded assembly
- Completed reload, in  1.129 seconds
Domain Reload Profiling:
	ReloadAssembly (1130ms)
		BeginReloadAssembly (132ms)
			ExecutionOrderSort (0ms)
			DisableScriptedObjects (4ms)
			BackupInstance (0ms)
			ReleaseScriptingObjects (0ms)
			CreateAndSetChildDomain (18ms)
		EndReloadAssembly (942ms)
			LoadAssemblies (83ms)
			RebuildTransferFunctionScriptingTraits (0ms)
			SetupTypeCache (322ms)
			ReleaseScriptCaches (1ms)
			RebuildScriptCaches (52ms)
			SetupLoadedEditorAssemblies (362ms)
				LogAssemblyErrors (0ms)
				InitializePlatformSupportModulesInManaged (4ms)
				SetLoadedEditorAssemblies (0ms)
				RefreshPlugins (68ms)
				BeforeProcessingInitializeOnLoad (86ms)
				ProcessInitializeOnLoadAttributes (191ms)
				ProcessInitializeOnLoadMethodAttributes (7ms)
				AfterProcessingInitializeOnLoad (4ms)
				EditorAssembliesLoaded (0ms)
			ExecutionOrderSort2 (0ms)
			AwakeInstancesAfterBackupRestoration (6ms)
Platform modules already initialized, skipping
========================================================================
Worker process is ready to serve import requests
Launched and connected shader compiler UnityShaderCompiler.exe after 0.06 seconds
Refreshing native plugins compatible for Editor in 0.84 ms, found 2 plugins.
Preloading 0 native plugins for Editor in 0.00 ms.
Unloading 3050 Unused Serialized files (Serialized files now loaded: 0)
System memory in use before: 166.3 MB.
System memory in use after: 165.9 MB.

Unloading 23 unused Assets to reduce memory usage. Loaded Objects now: 3505.
Total: 5.139100 ms (FindLiveObjects: 0.310800 ms CreateObjectMapping: 0.198200 ms MarkObjects: 4.096900 ms  DeleteObjects: 0.530800 ms)

AssetImportParameters requested are different than current active one (requested -> active):
  custom:framework-win-MediaFoundation: 216162199b28c13a410421893ffa2e32 -> 
  custom:video-decoder-ogg-theora: a1e56fd34408186e4bbccfd4996cb3dc -> 
  custom:container-muxer-webm: aa71ff27fc2769a1b78a27578f13a17b -> 
  custom:container-demuxer-webm: 4f35f7cbe854078d1ac9338744f61a02 -> 
  custom:container-demuxer-ogg: 62fdf1f143b41e24485cea50d1cbac27 -> 
  custom:video-encoder-webm-vp8: eb34c28f22e8b96e1ab97ce403110664 -> 
  custom:video-decoder-webm-vp8: 9c59270c3fd7afecdb556c50c9e8de78 -> 
  custom:audio-decoder-ogg-vorbis: bf7c407c2cedff20999df2af8eb42d56 -> 
  custom:audio-encoder-webm-vorbis: bf7c407c2cedff20999df2af8eb42d56 -> 
========================================================================
Received Import Request.
  path: Assets/New Terrain.asset
  artifactKey: Guid(846373c7fdbf1444da99d82deab8e68b) Importer(815301076,1909f56bfc062723c751e8b465ee728b)
Start importing Assets/New Terrain.asset using Guid(846373c7fdbf1444da99d82deab8e68b) Importer(815301076,1909f56bfc062723c751e8b465ee728b)  -> (artifact id: 'd655cc049c8b77fea55c619eb241349d') in 0.098560 seconds 
  Import took 0.106486 seconds .

========================================================================
Received Prepare
Registering precompiled user dll's ...
Registered in 0.004089 seconds.
Begin MonoManager ReloadAssembly
Native extension for WindowsStandalone target not found
Refreshing native plugins compatible for Editor in 0.97 ms, found 2 plugins.
Preloading 0 native plugins for Editor in 0.00 ms.
Mono: successfully reloaded assembly
- Completed reload, in  2.054 seconds
Domain Reload Profiling:
	ReloadAssembly (2054ms)
		BeginReloadAssembly (162ms)
			ExecutionOrderSort (0ms)
			DisableScriptedObjects (5ms)
			BackupInstance (0ms)
			ReleaseScriptingObjects (0ms)
			CreateAndSetChildDomain (51ms)
		EndReloadAssembly (1784ms)
			LoadAssemblies (145ms)
			RebuildTransferFunctionScriptingTraits (0ms)
			SetupTypeCache (872ms)
			ReleaseScriptCaches (3ms)
			RebuildScriptCaches (102ms)
			SetupLoadedEditorAssemblies (450ms)
				LogAssemblyErrors (0ms)
				InitializePlatformSupportModulesInManaged (9ms)
				SetLoadedEditorAssemblies (1ms)
				RefreshPlugins (1ms)
				BeforeProcessingInitializeOnLoad (124ms)
				ProcessInitializeOnLoadAttributes (298ms)
				ProcessInitializeOnLoadMethodAttributes (12ms)
				AfterProcessingInitializeOnLoad (5ms)
				EditorAssembliesLoaded (0ms)
			ExecutionOrderSort2 (0ms)
			AwakeInstancesAfterBackupRestoration (15ms)
Platform modules already initialized, skipping
Refreshing native plugins compatible for Editor in 0.81 ms, found 2 plugins.
Preloading 0 native plugins for Editor in 0.00 ms.
Unloading 2893 Unused Serialized files (Serialized files now loaded: 0)
System memory in use before: 154.6 MB.
System memory in use after: 154.2 MB.

Unloading 18 unused Assets to reduce memory usage. Loaded Objects now: 3514.
Total: 3.894800 ms (FindLiveObjects: 0.294600 ms CreateObjectMapping: 0.138600 ms MarkObjects: 3.033100 ms  DeleteObjects: 0.427700 ms)

AssetImportParameters requested are different than current active one (requested -> active):
  custom:framework-win-MediaFoundation: 216162199b28c13a410421893ffa2e32 -> 
  custom:video-decoder-ogg-theora: a1e56fd34408186e4bbccfd4996cb3dc -> 
  custom:container-muxer-webm: aa71ff27fc2769a1b78a27578f13a17b -> 
  custom:container-demuxer-webm: 4f35f7cbe854078d1ac9338744f61a02 -> 
  custom:container-demuxer-ogg: 62fdf1f143b41e24485cea50d1cbac27 -> 
  custom:video-encoder-webm-vp8: eb34c28f22e8b96e1ab97ce403110664 -> 
  custom:video-decoder-webm-vp8: 9c59270c3fd7afecdb556c50c9e8de78 -> 
  custom:audio-decoder-ogg-vorbis: bf7c407c2cedff20999df2af8eb42d56 -> 
  custom:audio-encoder-webm-vorbis: bf7c407c2cedff20999df2af8eb42d56 -> 
========================================================================
Received Prepare
Registering precompiled user dll's ...
Registered in 0.004776 seconds.
Begin MonoManager ReloadAssembly
Native extension for WindowsStandalone target not found
Refreshing native plugins compatible for Editor in 0.98 ms, found 2 plugins.
Preloading 0 native plugins for Editor in 0.00 ms.
Mono: successfully reloaded assembly
- Completed reload, in  1.214 seconds
Domain Reload Profiling:
	ReloadAssembly (1214ms)
		BeginReloadAssembly (111ms)
			ExecutionOrderSort (0ms)
			DisableScriptedObjects (5ms)
			BackupInstance (0ms)
			ReleaseScriptingObjects (0ms)
			CreateAndSetChildDomain (36ms)
		EndReloadAssembly (1044ms)
			LoadAssemblies (87ms)
			RebuildTransferFunctionScriptingTraits (0ms)
			SetupTypeCache (426ms)
			ReleaseScriptCaches (1ms)
			RebuildScriptCaches (47ms)
			SetupLoadedEditorAssemblies (320ms)
				LogAssemblyErrors (0ms)
				InitializePlatformSupportModulesInManaged (6ms)
				SetLoadedEditorAssemblies (1ms)
				RefreshPlugins (1ms)
				BeforeProcessingInitializeOnLoad (94ms)
				ProcessInitializeOnLoadAttributes (204ms)
				ProcessInitializeOnLoadMethodAttributes (9ms)
				AfterProcessingInitializeOnLoad (5ms)
				EditorAssembliesLoaded (0ms)
			ExecutionOrderSort2 (0ms)
			AwakeInstancesAfterBackupRestoration (12ms)
Platform modules already initialized, skipping
Refreshing native plugins compatible for Editor in 0.74 ms, found 2 plugins.
Preloading 0 native plugins for Editor in 0.00 ms.
Unloading 2889 Unused Serialized files (Serialized files now loaded: 0)
System memory in use before: 154.6 MB.
System memory in use after: 154.1 MB.

Unloading 18 unused Assets to reduce memory usage. Loaded Objects now: 3516.
Total: 4.160700 ms (FindLiveObjects: 0.299700 ms CreateObjectMapping: 0.168300 ms MarkObjects: 3.167100 ms  DeleteObjects: 0.524600 ms)

AssetImportParameters requested are different than current active one (requested -> active):
  custom:framework-win-MediaFoundation: 216162199b28c13a410421893ffa2e32 -> 
  custom:video-decoder-ogg-theora: a1e56fd34408186e4bbccfd4996cb3dc -> 
  custom:container-muxer-webm: aa71ff27fc2769a1b78a27578f13a17b -> 
  custom:container-demuxer-webm: 4f35f7cbe854078d1ac9338744f61a02 -> 
  custom:container-demuxer-ogg: 62fdf1f143b41e24485cea50d1cbac27 -> 
  custom:video-encoder-webm-vp8: eb34c28f22e8b96e1ab97ce403110664 -> 
  custom:video-decoder-webm-vp8: 9c59270c3fd7afecdb556c50c9e8de78 -> 
  custom:audio-decoder-ogg-vorbis: bf7c407c2cedff20999df2af8eb42d56 -> 
  custom:audio-encoder-webm-vorbis: bf7c407c2cedff20999df2af8eb42d56 -> 
========================================================================
Received Prepare
Registering precompiled user dll's ...
Registered in 0.007249 seconds.
Begin MonoManager ReloadAssembly
Native extension for WindowsStandalone target not found
Refreshing native plugins compatible for Editor in 0.93 ms, found 2 plugins.
Preloading 0 native plugins for Editor in 0.00 ms.
Mono: successfully reloaded assembly
- Completed reload, in  2.346 seconds
Domain Reload Profiling:
	ReloadAssembly (2348ms)
		BeginReloadAssembly (280ms)
			ExecutionOrderSort (0ms)
			DisableScriptedObjects (11ms)
			BackupInstance (0ms)
			ReleaseScriptingObjects (0ms)
			CreateAndSetChildDomain (85ms)
		EndReloadAssembly (1902ms)
			LoadAssemblies (258ms)
			RebuildTransferFunctionScriptingTraits (0ms)
			SetupTypeCache (774ms)
			ReleaseScriptCaches (2ms)
			RebuildScriptCaches (87ms)
			SetupLoadedEditorAssemblies (606ms)
				LogAssemblyErrors (0ms)
				InitializePlatformSupportModulesInManaged (10ms)
				SetLoadedEditorAssemblies (1ms)
				RefreshPlugins (1ms)
				BeforeProcessingInitializeOnLoad (164ms)
				ProcessInitializeOnLoadAttributes (403ms)
				ProcessInitializeOnLoadMethodAttributes (17ms)
				AfterProcessingInitializeOnLoad (10ms)
				EditorAssembliesLoaded (1ms)
			ExecutionOrderSort2 (0ms)
			AwakeInstancesAfterBackupRestoration (20ms)
Platform modules already initialized, skipping
Refreshing native plugins compatible for Editor in 2.12 ms, found 2 plugins.
Preloading 0 native plugins for Editor in 0.00 ms.
Unloading 2889 Unused Serialized files (Serialized files now loaded: 0)
System memory in use before: 154.7 MB.
System memory in use after: 154.2 MB.

Unloading 18 unused Assets to reduce memory usage. Loaded Objects now: 3518.
Total: 11.910700 ms (FindLiveObjects: 0.986300 ms CreateObjectMapping: 0.356800 ms MarkObjects: 9.174800 ms  DeleteObjects: 1.390700 ms)

AssetImportParameters requested are different than current active one (requested -> active):
  custom:framework-win-MediaFoundation: 216162199b28c13a410421893ffa2e32 -> 
  custom:video-decoder-ogg-theora: a1e56fd34408186e4bbccfd4996cb3dc -> 
  custom:container-muxer-webm: aa71ff27fc2769a1b78a27578f13a17b -> 
  custom:container-demuxer-webm: 4f35f7cbe854078d1ac9338744f61a02 -> 
  custom:container-demuxer-ogg: 62fdf1f143b41e24485cea50d1cbac27 -> 
  custom:video-encoder-webm-vp8: eb34c28f22e8b96e1ab97ce403110664 -> 
  custom:video-decoder-webm-vp8: 9c59270c3fd7afecdb556c50c9e8de78 -> 
  custom:audio-decoder-ogg-vorbis: bf7c407c2cedff20999df2af8eb42d56 -> 
  custom:audio-encoder-webm-vorbis: bf7c407c2cedff20999df2af8eb42d56 -> 
========================================================================
Received Prepare
Registering precompiled user dll's ...
Registered in 0.004193 seconds.
Begin MonoManager ReloadAssembly
Native extension for WindowsStandalone target not found
Refreshing native plugins compatible for Editor in 0.89 ms, found 2 plugins.
Preloading 0 native plugins for Editor in 0.00 ms.
Mono: successfully reloaded assembly
- Completed reload, in  1.204 seconds
Domain Reload Profiling:
	ReloadAssembly (1204ms)
		BeginReloadAssembly (138ms)
			ExecutionOrderSort (0ms)
			DisableScriptedObjects (6ms)
			BackupInstance (0ms)
			ReleaseScriptingObjects (0ms)
			CreateAndSetChildDomain (52ms)
		EndReloadAssembly (1004ms)
			LoadAssemblies (97ms)
			RebuildTransferFunctionScriptingTraits (0ms)
			SetupTypeCache (426ms)
			ReleaseScriptCaches (1ms)
			RebuildScriptCaches (48ms)
			SetupLoadedEditorAssemblies (299ms)
				LogAssemblyErrors (0ms)
				InitializePlatformSupportModulesInManaged (5ms)
				SetLoadedEditorAssemblies (0ms)
				RefreshPlugins (1ms)
				BeforeProcessingInitializeOnLoad (89ms)
				ProcessInitializeOnLoadAttributes (192ms)
				ProcessInitializeOnLoadMethodAttributes (7ms)
				AfterProcessingInitializeOnLoad (4ms)
				EditorAssembliesLoaded (0ms)
			ExecutionOrderSort2 (0ms)
			AwakeInstancesAfterBackupRestoration (10ms)
Platform modules already initialized, skipping
Refreshing native plugins compatible for Editor in 0.89 ms, found 2 plugins.
Preloading 0 native plugins for Editor in 0.00 ms.
Unloading 2889 Unused Serialized files (Serialized files now loaded: 0)
System memory in use before: 154.7 MB.
System memory in use after: 154.3 MB.

Unloading 18 unused Assets to reduce memory usage. Loaded Objects now: 3520.
Total: 4.965800 ms (FindLiveObjects: 0.540800 ms CreateObjectMapping: 0.206900 ms MarkObjects: 3.664100 ms  DeleteObjects: 0.552700 ms)

AssetImportParameters requested are different than current active one (requested -> active):
  custom:framework-win-MediaFoundation: 216162199b28c13a410421893ffa2e32 -> 
  custom:video-decoder-ogg-theora: a1e56fd34408186e4bbccfd4996cb3dc -> 
  custom:container-muxer-webm: aa71ff27fc2769a1b78a27578f13a17b -> 
  custom:container-demuxer-webm: 4f35f7cbe854078d1ac9338744f61a02 -> 
  custom:container-demuxer-ogg: 62fdf1f143b41e24485cea50d1cbac27 -> 
  custom:video-encoder-webm-vp8: eb34c28f22e8b96e1ab97ce403110664 -> 
  custom:video-decoder-webm-vp8: 9c59270c3fd7afecdb556c50c9e8de78 -> 
  custom:audio-decoder-ogg-vorbis: bf7c407c2cedff20999df2af8eb42d56 -> 
  custom:audio-encoder-webm-vorbis: bf7c407c2cedff20999df2af8eb42d56 -> 
========================================================================
Received Prepare
Registering precompiled user dll's ...
Registered in 0.004375 seconds.
Begin MonoManager ReloadAssembly
Native extension for WindowsStandalone target not found
Refreshing native plugins compatible for Editor in 0.94 ms, found 2 plugins.
Preloading 0 native plugins for Editor in 0.00 ms.
Mono: successfully reloaded assembly
- Completed reload, in  1.395 seconds
Domain Reload Profiling:
	ReloadAssembly (1395ms)
		BeginReloadAssembly (106ms)
			ExecutionOrderSort (0ms)
			DisableScriptedObjects (5ms)
			BackupInstance (0ms)
			ReleaseScriptingObjects (0ms)
			CreateAndSetChildDomain (33ms)
		EndReloadAssembly (1232ms)
			LoadAssemblies (76ms)
			RebuildTransferFunctionScriptingTraits (0ms)
			SetupTypeCache (435ms)
			ReleaseScriptCaches (3ms)
			RebuildScriptCaches (58ms)
			SetupLoadedEditorAssemblies (467ms)
				LogAssemblyErrors (0ms)
				InitializePlatformSupportModulesInManaged (8ms)
				SetLoadedEditorAssemblies (1ms)
				RefreshPlugins (1ms)
				BeforeProcessingInitializeOnLoad (144ms)
				ProcessInitializeOnLoadAttributes (290ms)
				ProcessInitializeOnLoadMethodAttributes (15ms)
				AfterProcessingInitializeOnLoad (7ms)
				EditorAssembliesLoaded (0ms)
			ExecutionOrderSort2 (0ms)
			AwakeInstancesAfterBackupRestoration (18ms)
Platform modules already initialized, skipping
Refreshing native plugins compatible for Editor in 2.00 ms, found 2 plugins.
Preloading 0 native plugins for Editor in 0.00 ms.
Unloading 2889 Unused Serialized files (Serialized files now loaded: 0)
System memory in use before: 154.7 MB.
System memory in use after: 154.3 MB.

Unloading 18 unused Assets to reduce memory usage. Loaded Objects now: 3522.
Total: 9.897000 ms (FindLiveObjects: 0.483900 ms CreateObjectMapping: 0.200200 ms MarkObjects: 8.330700 ms  DeleteObjects: 0.880600 ms)

AssetImportParameters requested are different than current active one (requested -> active):
  custom:framework-win-MediaFoundation: 216162199b28c13a410421893ffa2e32 -> 
  custom:video-decoder-ogg-theora: a1e56fd34408186e4bbccfd4996cb3dc -> 
  custom:container-muxer-webm: aa71ff27fc2769a1b78a27578f13a17b -> 
  custom:container-demuxer-webm: 4f35f7cbe854078d1ac9338744f61a02 -> 
  custom:container-demuxer-ogg: 62fdf1f143b41e24485cea50d1cbac27 -> 
  custom:video-encoder-webm-vp8: eb34c28f22e8b96e1ab97ce403110664 -> 
  custom:video-decoder-webm-vp8: 9c59270c3fd7afecdb556c50c9e8de78 -> 
  custom:audio-decoder-ogg-vorbis: bf7c407c2cedff20999df2af8eb42d56 -> 
  custom:audio-encoder-webm-vorbis: bf7c407c2cedff20999df2af8eb42d56 -> 
========================================================================
Received Import Request.
  Time since last request: 5645.743416 seconds.
  path: Assets/Sun_Temple/Prefabs/Modules_Common/Bld_Common_Window_B_Hollow.prefab
  artifactKey: Guid(8b867d94835ae31409b5db3fe2d748b1) Importer(815301076,1909f56bfc062723c751e8b465ee728b)
Start importing Assets/Sun_Temple/Prefabs/Modules_Common/Bld_Common_Window_B_Hollow.prefab using Guid(8b867d94835ae31409b5db3fe2d748b1) Importer(815301076,1909f56bfc062723c751e8b465ee728b)  -> (artifact id: '3c4bcbfd24845259cdd00809c033aa8b') in 0.269560 seconds 
  Import took 0.277180 seconds .

========================================================================
Received Import Request.
  Time since last request: 0.000351 seconds.
  path: Assets/Sun_Temple/Prefabs/Modules_Common/Bld_Common_Window_C_Hollow.prefab
  artifactKey: Guid(61953eb2331bf4f4b854d69ab3993c45) Importer(815301076,1909f56bfc062723c751e8b465ee728b)
Start importing Assets/Sun_Temple/Prefabs/Modules_Common/Bld_Common_Window_C_Hollow.prefab using Guid(61953eb2331bf4f4b854d69ab3993c45) Importer(815301076,1909f56bfc062723c751e8b465ee728b)  -> (artifact id: '5efe64b0ce0ae5d48df15e48fdba6acc') in 0.068030 seconds 
  Import took 0.076170 seconds .

========================================================================
Received Import Request.
  Time since last request: 0.000498 seconds.
  path: Assets/Sun_Temple/Prefabs/Modules_Common/Bld_Common_Window_D.prefab
  artifactKey: Guid(28c3d234b3cf13e4bbadc9c6e5a36d45) Importer(815301076,1909f56bfc062723c751e8b465ee728b)
Start importing Assets/Sun_Temple/Prefabs/Modules_Common/Bld_Common_Window_D.prefab using Guid(28c3d234b3cf13e4bbadc9c6e5a36d45) Importer(815301076,1909f56bfc062723c751e8b465ee728b)  -> (artifact id: '9585e2c4f64e9ce911227270e1c0707e') in 0.074154 seconds 
  Import took 0.083902 seconds .

========================================================================
Received Import Request.
  Time since last request: 0.000485 seconds.
  path: Assets/Sun_Temple/Prefabs/Modules_Common/Bld_Common_Window_E.prefab
  artifactKey: Guid(a47b6ec1c92b43947bc2c0dee826b1ce) Importer(815301076,1909f56bfc062723c751e8b465ee728b)
Start importing Assets/Sun_Temple/Prefabs/Modules_Common/Bld_Common_Window_E.prefab using Guid(a47b6ec1c92b43947bc2c0dee826b1ce) Importer(815301076,1909f56bfc062723c751e8b465ee728b)  -> (artifact id: '2cc07bc57bb504fd5b3a8130b7642e2f') in 0.042946 seconds 
  Import took 0.049680 seconds .

========================================================================
Received Import Request.
  Time since last request: 0.000910 seconds.
  path: Assets/Sun_Temple/Prefabs/Modules_Common/Bld_Common_Window_E_Hollow.prefab
  artifactKey: Guid(fa3faec577a72964ba9c8ee73c2283c7) Importer(815301076,1909f56bfc062723c751e8b465ee728b)
Start importing Assets/Sun_Temple/Prefabs/Modules_Common/Bld_Common_Window_E_Hollow.prefab using Guid(fa3faec577a72964ba9c8ee73c2283c7) Importer(815301076,1909f56bfc062723c751e8b465ee728b)  -> (artifact id: '2c05c2722fa2b99f18867d2ccdbe96ec') in 0.046920 seconds 
  Import took 0.054019 seconds .

========================================================================
Received Import Request.
  Time since last request: 0.000221 seconds.
  path: Assets/Sun_Temple/Prefabs/Modules_Common/Bld_Common_Window_D_Hollow.prefab
  artifactKey: Guid(a07d3462810417849985bd0f0a758774) Importer(815301076,1909f56bfc062723c751e8b465ee728b)
Start importing Assets/Sun_Temple/Prefabs/Modules_Common/Bld_Common_Window_D_Hollow.prefab using Guid(a07d3462810417849985bd0f0a758774) Importer(815301076,1909f56bfc062723c751e8b465ee728b)  -> (artifact id: '211824405b536034342e38537ce200b4') in 0.063467 seconds 
  Import took 0.070878 seconds .

========================================================================
Received Import Request.
  Time since last request: 0.000223 seconds.
  path: Assets/Sun_Temple/Prefabs/Modules_Common/Bld_Common_Window_C.prefab
  artifactKey: Guid(1e4a84ab19da45448b71cd0de396d29c) Importer(815301076,1909f56bfc062723c751e8b465ee728b)
Start importing Assets/Sun_Temple/Prefabs/Modules_Common/Bld_Common_Window_C.prefab using Guid(1e4a84ab19da45448b71cd0de396d29c) Importer(815301076,1909f56bfc062723c751e8b465ee728b)  -> (artifact id: '21793b1617fee7a54d518319ebe7f48b') in 0.066505 seconds 
  Import took 0.075830 seconds .

========================================================================
Received Import Request.
  Time since last request: 7.323158 seconds.
  path: Assets/Sun_Temple/Prefabs/Modules_Common/Bld_Deco_Slab_G.prefab
  artifactKey: Guid(84433400f603cd540af74ead7d8ac19a) Importer(815301076,1909f56bfc062723c751e8b465ee728b)
Start importing Assets/Sun_Temple/Prefabs/Modules_Common/Bld_Deco_Slab_G.prefab using Guid(84433400f603cd540af74ead7d8ac19a) Importer(815301076,1909f56bfc062723c751e8b465ee728b)  -> (artifact id: '63d668dcacbebba29cf7e3bddb0949c9') in 0.053384 seconds 
  Import took 0.058497 seconds .

========================================================================
Received Import Request.
  Time since last request: 0.000195 seconds.
  path: Assets/Sun_Temple/Prefabs/Modules_Common/Bld_Deco_Slab_H.prefab
  artifactKey: Guid(7cea2ccc4927bef4da60672880950fae) Importer(815301076,1909f56bfc062723c751e8b465ee728b)
Start importing Assets/Sun_Temple/Prefabs/Modules_Common/Bld_Deco_Slab_H.prefab using Guid(7cea2ccc4927bef4da60672880950fae) Importer(815301076,1909f56bfc062723c751e8b465ee728b)  -> (artifact id: '94634f85a95a7cf770b6975bd5f5f1f6') in 0.055080 seconds 
  Import took 0.059861 seconds .

========================================================================
Received Import Request.
  Time since last request: 0.161732 seconds.
  path: Assets/Sun_Temple/Prefabs/Modules_Common/Bld_Deco_Slab_I.prefab
  artifactKey: Guid(8e58dcb44fde77245a2088dc8520d0cc) Importer(815301076,1909f56bfc062723c751e8b465ee728b)
Start importing Assets/Sun_Temple/Prefabs/Modules_Common/Bld_Deco_Slab_I.prefab using Guid(8e58dcb44fde77245a2088dc8520d0cc) Importer(815301076,1909f56bfc062723c751e8b465ee728b)  -> (artifact id: '152aef5b2eea280ea70f46e60c7c5401') in 0.028632 seconds 
  Import took 0.034138 seconds .

========================================================================
Received Import Request.
  Time since last request: 0.000209 seconds.
  path: Assets/Sun_Temple/Prefabs/Modules_Common/Bld_Deco_SunRays_A.prefab
  artifactKey: Guid(7955ffe38ecb5654c9586bb4bd7e1529) Importer(815301076,1909f56bfc062723c751e8b465ee728b)
Start importing Assets/Sun_Temple/Prefabs/Modules_Common/Bld_Deco_SunRays_A.prefab using Guid(7955ffe38ecb5654c9586bb4bd7e1529) Importer(815301076,1909f56bfc062723c751e8b465ee728b)  -> (artifact id: '0cd3e42dc629b82d16a0d20887068a06') in 0.061388 seconds 
  Import took 0.068032 seconds .

========================================================================
Received Import Request.
  Time since last request: 0.000262 seconds.
  path: Assets/Sun_Temple/Prefabs/Modules_Common/Bld_Deco_TallColumn_A.prefab
  artifactKey: Guid(18a922dca65836c43849ef211730a035) Importer(815301076,1909f56bfc062723c751e8b465ee728b)
Start importing Assets/Sun_Temple/Prefabs/Modules_Common/Bld_Deco_TallColumn_A.prefab using Guid(18a922dca65836c43849ef211730a035) Importer(815301076,1909f56bfc062723c751e8b465ee728b)  -> (artifact id: 'cec5aa4bb7982f61ceb537b0c903eea8') in 0.059789 seconds 
  Import took 0.065233 seconds .

========================================================================
Received Import Request.
  Time since last request: 0.000373 seconds.
  path: Assets/Sun_Temple/Prefabs/Modules_Common/Bld_Deco_TriTop_A.prefab
  artifactKey: Guid(cc9e4a2030e0e0f4695ecc8b5d27bde0) Importer(815301076,1909f56bfc062723c751e8b465ee728b)
Start importing Assets/Sun_Temple/Prefabs/Modules_Common/Bld_Deco_TriTop_A.prefab using Guid(cc9e4a2030e0e0f4695ecc8b5d27bde0) Importer(815301076,1909f56bfc062723c751e8b465ee728b)  -> (artifact id: 'b9d25af00a963340e66a0865930db62d') in 0.055931 seconds 
  Import took 0.062312 seconds .

========================================================================
Received Import Request.
  Time since last request: 0.217900 seconds.
  path: Assets/Sun_Temple/Prefabs/Modules_Common/Bld_Dome.prefab
  artifactKey: Guid(05673fdf8842c6745bad2ab8ac211b60) Importer(815301076,1909f56bfc062723c751e8b465ee728b)
Start importing Assets/Sun_Temple/Prefabs/Modules_Common/Bld_Dome.prefab using Guid(05673fdf8842c6745bad2ab8ac211b60) Importer(815301076,1909f56bfc062723c751e8b465ee728b)  -> (artifact id: 'f230dd6624cbb6ded29702c7c765631e') in 0.072060 seconds 
  Import took 0.080966 seconds .

========================================================================
Received Import Request.
  Time since last request: 0.000360 seconds.
  path: Assets/Sun_Temple/Prefabs/Modules_Common/Bld_Extension_A.prefab
  artifactKey: Guid(e4cdea927ace72a4f82bcc2e5290ddd6) Importer(815301076,1909f56bfc062723c751e8b465ee728b)
Start importing Assets/Sun_Temple/Prefabs/Modules_Common/Bld_Extension_A.prefab using Guid(e4cdea927ace72a4f82bcc2e5290ddd6) Importer(815301076,1909f56bfc062723c751e8b465ee728b)  -> (artifact id: '85b5e8d68f217de555a4ed76e5db284b') in 0.117910 seconds 
  Import took 0.127232 seconds .

========================================================================
Received Import Request.
  Time since last request: 6.234034 seconds.
  path: Assets/Sun_Temple/Prefabs/Modules_Common/Bld_Extension_B.prefab
  artifactKey: Guid(c2c360219c8b67e4b966aca96a8a7829) Importer(815301076,1909f56bfc062723c751e8b465ee728b)
Start importing Assets/Sun_Temple/Prefabs/Modules_Common/Bld_Extension_B.prefab using Guid(c2c360219c8b67e4b966aca96a8a7829) Importer(815301076,1909f56bfc062723c751e8b465ee728b)  -> (artifact id: 'ca064d41d3c5914d48b4da0622160d4f') in 0.062923 seconds 
  Import took 0.070273 seconds .

========================================================================
Received Import Request.
  Time since last request: 0.000232 seconds.
  path: Assets/Sun_Temple/Prefabs/Modules_Common/Bld_Extension_D.prefab
  artifactKey: Guid(a1b171b385d7c4b47a44326678fbce7e) Importer(815301076,1909f56bfc062723c751e8b465ee728b)
Start importing Assets/Sun_Temple/Prefabs/Modules_Common/Bld_Extension_D.prefab using Guid(a1b171b385d7c4b47a44326678fbce7e) Importer(815301076,1909f56bfc062723c751e8b465ee728b)  -> (artifact id: '27240b5d2ef8edf9c78c113ad6507301') in 0.067625 seconds 
  Import took 0.073736 seconds .

========================================================================
Received Import Request.
  Time since last request: 0.000199 seconds.
  path: Assets/Sun_Temple/Prefabs/Modules_Common/Bld_Extension_E.prefab
  artifactKey: Guid(e4c684429f183e843853e872216c8a2d) Importer(815301076,1909f56bfc062723c751e8b465ee728b)
Start importing Assets/Sun_Temple/Prefabs/Modules_Common/Bld_Extension_E.prefab using Guid(e4c684429f183e843853e872216c8a2d) Importer(815301076,1909f56bfc062723c751e8b465ee728b)  -> (artifact id: 'f4532b933b23a26fecea70f87f606997') in 0.077907 seconds 
  Import took 0.084812 seconds .

========================================================================
Received Import Request.
  Time since last request: 0.000276 seconds.
  path: Assets/Sun_Temple/Prefabs/Modules_Common/Bld_Extension_C.prefab
  artifactKey: Guid(912d3b7203793694797475fd103ddc53) Importer(815301076,1909f56bfc062723c751e8b465ee728b)
Start importing Assets/Sun_Temple/Prefabs/Modules_Common/Bld_Extension_C.prefab using Guid(912d3b7203793694797475fd103ddc53) Importer(815301076,1909f56bfc062723c751e8b465ee728b)  -> (artifact id: '76c63d3032f3d61ea25f56c4d7c16988') in 0.079251 seconds 
  Import took 0.086791 seconds .

========================================================================
Received Import Request.
  Time since last request: 0.007540 seconds.
  path: Assets/Sun_Temple/Prefabs/Modules_Common/Bld_Extension_F.prefab
  artifactKey: Guid(ef6d6e105848dd642a25bfe24219bf35) Importer(815301076,1909f56bfc062723c751e8b465ee728b)
Start importing Assets/Sun_Temple/Prefabs/Modules_Common/Bld_Extension_F.prefab using Guid(ef6d6e105848dd642a25bfe24219bf35) Importer(815301076,1909f56bfc062723c751e8b465ee728b)  -> (artifact id: '6f9550dd65342ba993e5ce585e57914a') in 0.074215 seconds 
  Import took 0.084132 seconds .

========================================================================
Received Import Request.
  Time since last request: 0.000271 seconds.
  path: Assets/Sun_Temple/Prefabs/Modules_Common/Bld_Extension_G.prefab
  artifactKey: Guid(8cd60c79ad621bd46981062df7674595) Importer(815301076,1909f56bfc062723c751e8b465ee728b)
Start importing Assets/Sun_Temple/Prefabs/Modules_Common/Bld_Extension_G.prefab using Guid(8cd60c79ad621bd46981062df7674595) Importer(815301076,1909f56bfc062723c751e8b465ee728b)  -> (artifact id: 'eeb5d5867b871abc835ae58f7758f856') in 0.082351 seconds 
  Import took 0.089594 seconds .

========================================================================
Received Import Request.
  Time since last request: 0.000233 seconds.
  path: Assets/Sun_Temple/Prefabs/Modules_Common/Bld_Extension_H.prefab
  artifactKey: Guid(b90b65a173dbbee488b841e6272aec43) Importer(815301076,1909f56bfc062723c751e8b465ee728b)
Start importing Assets/Sun_Temple/Prefabs/Modules_Common/Bld_Extension_H.prefab using Guid(b90b65a173dbbee488b841e6272aec43) Importer(815301076,1909f56bfc062723c751e8b465ee728b)  -> (artifact id: 'f0ae90e7c25d7db835fb48559d24fb13') in 0.045004 seconds 
  Import took 0.054121 seconds .

========================================================================
Received Import Request.
  Time since last request: 0.000299 seconds.
  path: Assets/Sun_Temple/Prefabs/Modules_Common/Bld_Extension_I.prefab
  artifactKey: Guid(f21fc6438e2bea34f8e7e841a9cee935) Importer(815301076,1909f56bfc062723c751e8b465ee728b)
Start importing Assets/Sun_Temple/Prefabs/Modules_Common/Bld_Extension_I.prefab using Guid(f21fc6438e2bea34f8e7e841a9cee935) Importer(815301076,1909f56bfc062723c751e8b465ee728b)  -> (artifact id: '06d7fa512efcde4aa0540ebd9c38c977') in 0.047264 seconds 
  Import took 0.057426 seconds .

========================================================================
Received Import Request.
  Time since last request: 0.412421 seconds.
  path: Assets/Sun_Temple/Prefabs/Modules_Common/Bld_Int_Arc_A.prefab
  artifactKey: Guid(38cf6e8ed4cef284fbd4ad3e18979385) Importer(815301076,1909f56bfc062723c751e8b465ee728b)
Start importing Assets/Sun_Temple/Prefabs/Modules_Common/Bld_Int_Arc_A.prefab using Guid(38cf6e8ed4cef284fbd4ad3e18979385) Importer(815301076,1909f56bfc062723c751e8b465ee728b)  -> (artifact id: '8b03b25bc29331890116f856316ec0b7') in 0.045363 seconds 
  Import took 0.052413 seconds .

========================================================================
Received Import Request.
  Time since last request: 0.000322 seconds.
  path: Assets/Sun_Temple/Prefabs/Modules_Common/Bld_Int_Arc_B.prefab
  artifactKey: Guid(3550297f90471934cbbd590805987a54) Importer(815301076,1909f56bfc062723c751e8b465ee728b)
Start importing Assets/Sun_Temple/Prefabs/Modules_Common/Bld_Int_Arc_B.prefab using Guid(3550297f90471934cbbd590805987a54) Importer(815301076,1909f56bfc062723c751e8b465ee728b)  -> (artifact id: '0fbad9b356ce8bf17ffe96e27fa35226') in 0.030119 seconds 
  Import took 0.039988 seconds .

========================================================================
Received Import Request.
  Time since last request: 0.000346 seconds.
  path: Assets/Sun_Temple/Prefabs/Modules_Common/Bld_Int_Beam_A.prefab
  artifactKey: Guid(2a80d70d9a8d0da4190bc16ec5ac0ff2) Importer(815301076,1909f56bfc062723c751e8b465ee728b)
Start importing Assets/Sun_Temple/Prefabs/Modules_Common/Bld_Int_Beam_A.prefab using Guid(2a80d70d9a8d0da4190bc16ec5ac0ff2) Importer(815301076,1909f56bfc062723c751e8b465ee728b)  -> (artifact id: 'fa41d1d72ab5f8562a1a821d6fc6a51f') in 0.032101 seconds 
  Import took 0.040901 seconds .

========================================================================
Received Import Request.
  Time since last request: 0.000197 seconds.
  path: Assets/Sun_Temple/Prefabs/Modules_Common/Bld_Int_Beam_C.prefab
  artifactKey: Guid(87f18397a1a21a24d8cfb6e0e317da0f) Importer(815301076,1909f56bfc062723c751e8b465ee728b)
Start importing Assets/Sun_Temple/Prefabs/Modules_Common/Bld_Int_Beam_C.prefab using Guid(87f18397a1a21a24d8cfb6e0e317da0f) Importer(815301076,1909f56bfc062723c751e8b465ee728b)  -> (artifact id: '83a29670ec5761769b9c2ebfeebb011b') in 0.066175 seconds 
  Import took 0.073345 seconds .

========================================================================
Received Import Request.
  Time since last request: 0.000275 seconds.
  path: Assets/Sun_Temple/Prefabs/Modules_Common/Bld_Int_Beam_B.prefab
  artifactKey: Guid(3e5a726097ee6e14ba8d7811e58a04b4) Importer(815301076,1909f56bfc062723c751e8b465ee728b)
Start importing Assets/Sun_Temple/Prefabs/Modules_Common/Bld_Int_Beam_B.prefab using Guid(3e5a726097ee6e14ba8d7811e58a04b4) Importer(815301076,1909f56bfc062723c751e8b465ee728b)  -> (artifact id: 'e070c65bbd3533449fc59c933faea36a') in 0.038153 seconds 
  Import took 0.052366 seconds .

========================================================================
Received Import Request.
  Time since last request: 0.000665 seconds.
  path: Assets/Sun_Temple/Prefabs/Modules_Common/Bld_Int_Column_A.prefab
  artifactKey: Guid(a8cb00fe53413074486fefa2ff3a40ec) Importer(815301076,1909f56bfc062723c751e8b465ee728b)
Start importing Assets/Sun_Temple/Prefabs/Modules_Common/Bld_Int_Column_A.prefab using Guid(a8cb00fe53413074486fefa2ff3a40ec) Importer(815301076,1909f56bfc062723c751e8b465ee728b)  -> (artifact id: '54d146c1453972e29b7046f1cfc413bb') in 0.053344 seconds 
  Import took 0.066925 seconds .

========================================================================
Received Import Request.
  Time since last request: 0.214044 seconds.
  path: Assets/Sun_Temple/Prefabs/Modules_Common/Bld_Int_Column_B.prefab
  artifactKey: Guid(912384bccd1f9c14ebd8283eb7898155) Importer(815301076,1909f56bfc062723c751e8b465ee728b)
Start importing Assets/Sun_Temple/Prefabs/Modules_Common/Bld_Int_Column_B.prefab using Guid(912384bccd1f9c14ebd8283eb7898155) Importer(815301076,1909f56bfc062723c751e8b465ee728b)  -> (artifact id: '18785c98adbb221cbe9a7266e704e65d') in 0.036708 seconds 
  Import took 0.044712 seconds .

========================================================================
Received Import Request.
  Time since last request: 0.000203 seconds.
  path: Assets/Sun_Temple/Prefabs/Modules_Common/Bld_Int_Column_C.prefab
  artifactKey: Guid(5a494e4adfdee3c4eb864fad1866c978) Importer(815301076,1909f56bfc062723c751e8b465ee728b)
Start importing Assets/Sun_Temple/Prefabs/Modules_Common/Bld_Int_Column_C.prefab using Guid(5a494e4adfdee3c4eb864fad1866c978) Importer(815301076,1909f56bfc062723c751e8b465ee728b)  -> (artifact id: '2704305e96610210fa1dcc49edf2ac6b') in 0.028954 seconds 
  Import took 0.038773 seconds .

========================================================================
Received Import Request.
  Time since last request: 0.000548 seconds.
  path: Assets/Sun_Temple/Prefabs/Modules_Common/Bld_Int_Column_D.prefab
  artifactKey: Guid(57c687c9b1464054ab91a572f38161b4) Importer(815301076,1909f56bfc062723c751e8b465ee728b)
Start importing Assets/Sun_Temple/Prefabs/Modules_Common/Bld_Int_Column_D.prefab using Guid(57c687c9b1464054ab91a572f38161b4) Importer(815301076,1909f56bfc062723c751e8b465ee728b)  -> (artifact id: '96068c264c70bccfa8204d16487c7625') in 0.040838 seconds 
  Import took 0.050556 seconds .

========================================================================
Received Import Request.
  Time since last request: 0.000233 seconds.
  path: Assets/Sun_Temple/Prefabs/Modules_Common/Bld_Int_Column_Top_A.prefab
  artifactKey: Guid(8f9e3f80ad1096d4e9c1ba97164db811) Importer(815301076,1909f56bfc062723c751e8b465ee728b)
Start importing Assets/Sun_Temple/Prefabs/Modules_Common/Bld_Int_Column_Top_A.prefab using Guid(8f9e3f80ad1096d4e9c1ba97164db811) Importer(815301076,1909f56bfc062723c751e8b465ee728b)  -> (artifact id: '2f9411b1ac610f03988251057ff093e5') in 0.026136 seconds 
  Import took 0.035072 seconds .

========================================================================
Received Import Request.
  Time since last request: 0.000217 seconds.
  path: Assets/Sun_Temple/Prefabs/Modules_Common/Bld_Int_Column_Transition.prefab
  artifactKey: Guid(6a710ea210653dd4780d6e8d071a19d0) Importer(815301076,1909f56bfc062723c751e8b465ee728b)
Start importing Assets/Sun_Temple/Prefabs/Modules_Common/Bld_Int_Column_Transition.prefab using Guid(6a710ea210653dd4780d6e8d071a19d0) Importer(815301076,1909f56bfc062723c751e8b465ee728b)  -> (artifact id: 'dc419b766280604aeeeafdb6ad8dabd4') in 0.042788 seconds 
  Import took 0.049589 seconds .

========================================================================
Received Import Request.
  Time since last request: 0.000268 seconds.
  path: Assets/Sun_Temple/Prefabs/Modules_Common/Bld_Int_Column_Top_B.prefab
  artifactKey: Guid(55f2ba44b73c45c498c404d58115dc85) Importer(815301076,1909f56bfc062723c751e8b465ee728b)
Start importing Assets/Sun_Temple/Prefabs/Modules_Common/Bld_Int_Column_Top_B.prefab using Guid(55f2ba44b73c45c498c404d58115dc85) Importer(815301076,1909f56bfc062723c751e8b465ee728b)  -> (artifact id: '9a2cd276f21311f708d75f7aaf56c216') in 0.047507 seconds 
  Import took 0.056049 seconds .

========================================================================
Received Import Request.
  Time since last request: 0.248192 seconds.
  path: Assets/Sun_Temple/Prefabs/Modules_Common/Bld_Int_Divider_A.prefab
  artifactKey: Guid(9824c9cfbb9ccb14b94cf352a5bdbb89) Importer(815301076,1909f56bfc062723c751e8b465ee728b)
Start importing Assets/Sun_Temple/Prefabs/Modules_Common/Bld_Int_Divider_A.prefab using Guid(9824c9cfbb9ccb14b94cf352a5bdbb89) Importer(815301076,1909f56bfc062723c751e8b465ee728b)  -> (artifact id: '86e01b459eba1965cbd6a4c724b252ed') in 0.028840 seconds 
  Import took 0.036712 seconds .

========================================================================
Received Import Request.
  Time since last request: 0.000217 seconds.
  path: Assets/Sun_Temple/Prefabs/Modules_Common/Bld_Int_Divider_C.prefab
  artifactKey: Guid(b034ba544ee4ba54fa9c1388890b6df5) Importer(815301076,1909f56bfc062723c751e8b465ee728b)
Start importing Assets/Sun_Temple/Prefabs/Modules_Common/Bld_Int_Divider_C.prefab using Guid(b034ba544ee4ba54fa9c1388890b6df5) Importer(815301076,1909f56bfc062723c751e8b465ee728b)  -> (artifact id: '977e7b88268f78a734418e8c37918bfa') in 0.029864 seconds 
  Import took 0.035260 seconds .

========================================================================
Received Import Request.
  Time since last request: 0.000274 seconds.
  path: Assets/Sun_Temple/Prefabs/Modules_Common/Bld_Int_Divider_D.prefab
  artifactKey: Guid(a59ea337e8e2b814998faba0d45fe669) Importer(815301076,1909f56bfc062723c751e8b465ee728b)
Start importing Assets/Sun_Temple/Prefabs/Modules_Common/Bld_Int_Divider_D.prefab using Guid(a59ea337e8e2b814998faba0d45fe669) Importer(815301076,1909f56bfc062723c751e8b465ee728b)  -> (artifact id: '826b2e8726abffff7a667f9b0ec8c1ef') in 0.039424 seconds 
  Import took 0.045882 seconds .

========================================================================
Received Import Request.
  Time since last request: 0.000253 seconds.
  path: Assets/Sun_Temple/Prefabs/Modules_Common/Bld_Int_Divider_B.prefab
  artifactKey: Guid(e6893cb5f591d124a82b2652debd83ae) Importer(815301076,1909f56bfc062723c751e8b465ee728b)
Start importing Assets/Sun_Temple/Prefabs/Modules_Common/Bld_Int_Divider_B.prefab using Guid(e6893cb5f591d124a82b2652debd83ae) Importer(815301076,1909f56bfc062723c751e8b465ee728b)  -> (artifact id: '3797ff1070102fddf52df86ac42358df') in 0.041105 seconds 
  Import took 0.047012 seconds .

========================================================================
Received Import Request.
  Time since last request: 0.226995 seconds.
  path: Assets/Sun_Temple/Prefabs/Modules_Common/Bld_Int_Divider_E.prefab
  artifactKey: Guid(f289fe5d977c11c47be8547f7b9536a1) Importer(815301076,1909f56bfc062723c751e8b465ee728b)
Start importing Assets/Sun_Temple/Prefabs/Modules_Common/Bld_Int_Divider_E.prefab using Guid(f289fe5d977c11c47be8547f7b9536a1) Importer(815301076,1909f56bfc062723c751e8b465ee728b)  -> (artifact id: '78f7b6ea25eaa2e7e2df5008454bccb2') in 0.026945 seconds 
  Import took 0.034539 seconds .

========================================================================
Received Import Request.
  Time since last request: 0.000295 seconds.
  path: Assets/Sun_Temple/Prefabs/Modules_Common/Bld_Int_Divider_F.prefab
  artifactKey: Guid(f0f441939eb7d6c4c9103e4ca43a03b6) Importer(815301076,1909f56bfc062723c751e8b465ee728b)
Start importing Assets/Sun_Temple/Prefabs/Modules_Common/Bld_Int_Divider_F.prefab using Guid(f0f441939eb7d6c4c9103e4ca43a03b6) Importer(815301076,1909f56bfc062723c751e8b465ee728b)  -> (artifact id: '6dcf9dec65bf65bdfab60f087b6c22ca') in 0.022270 seconds 
  Import took 0.029066 seconds .

========================================================================
Received Import Request.
  Time since last request: 0.000287 seconds.
  path: Assets/Sun_Temple/Prefabs/Modules_Common/Bld_Int_Divider_G.prefab
  artifactKey: Guid(2287c90d7232eca4a916a9e4a652d441) Importer(815301076,1909f56bfc062723c751e8b465ee728b)
Start importing Assets/Sun_Temple/Prefabs/Modules_Common/Bld_Int_Divider_G.prefab using Guid(2287c90d7232eca4a916a9e4a652d441) Importer(815301076,1909f56bfc062723c751e8b465ee728b)  -> (artifact id: '142a70f7253abdac9880cd232c5b1e12') in 0.033118 seconds 
  Import took 0.041166 seconds .

========================================================================
Received Import Request.
  Time since last request: 0.000347 seconds.
  path: Assets/Sun_Temple/Prefabs/Modules_Common/Bld_Int_HandRails_A.prefab
  artifactKey: Guid(a2d37d4e903c0d94bbab5c4857e4972b) Importer(815301076,1909f56bfc062723c751e8b465ee728b)
Start importing Assets/Sun_Temple/Prefabs/Modules_Common/Bld_Int_HandRails_A.prefab using Guid(a2d37d4e903c0d94bbab5c4857e4972b) Importer(815301076,1909f56bfc062723c751e8b465ee728b)  -> (artifact id: '50aee9fdc6a90cb3710bdc497366b6c1') in 0.025126 seconds 
  Import took 0.031815 seconds .

========================================================================
Received Import Request.
  Time since last request: 0.000304 seconds.
  path: Assets/Sun_Temple/Prefabs/Modules_Common/Bld_Int_HandRails_B.prefab
  artifactKey: Guid(f62235962ea1d8f458cb1fa59f697bc7) Importer(815301076,1909f56bfc062723c751e8b465ee728b)
Start importing Assets/Sun_Temple/Prefabs/Modules_Common/Bld_Int_HandRails_B.prefab using Guid(f62235962ea1d8f458cb1fa59f697bc7) Importer(815301076,1909f56bfc062723c751e8b465ee728b)  -> (artifact id: 'f15c0fc59e3be256ce35a2535d864a0a') in 0.031611 seconds 
  Import took 0.038396 seconds .

========================================================================
Received Import Request.
  Time since last request: 0.000252 seconds.
  path: Assets/Sun_Temple/Prefabs/Modules_Common/Bld_Int_HandRails_A_Long.prefab
  artifactKey: Guid(5d59e481293933f499fa62af989e84e7) Importer(815301076,1909f56bfc062723c751e8b465ee728b)
Start importing Assets/Sun_Temple/Prefabs/Modules_Common/Bld_Int_HandRails_A_Long.prefab using Guid(5d59e481293933f499fa62af989e84e7) Importer(815301076,1909f56bfc062723c751e8b465ee728b)  -> (artifact id: 'c7bed89e90d751032953a31812d8ca16') in 0.034520 seconds 
  Import took 0.042124 seconds .

========================================================================
Received Import Request.
  Time since last request: 0.253799 seconds.
  path: Assets/Sun_Temple/Prefabs/Modules_Common/Bld_Int_HandRails_C.prefab
  artifactKey: Guid(25d1d22e83eea3f46bf15f386ca8aaa4) Importer(815301076,1909f56bfc062723c751e8b465ee728b)
Start importing Assets/Sun_Temple/Prefabs/Modules_Common/Bld_Int_HandRails_C.prefab using Guid(25d1d22e83eea3f46bf15f386ca8aaa4) Importer(815301076,1909f56bfc062723c751e8b465ee728b)  -> (artifact id: '1b8cc5a667df9fab048501bfcbc9726c') in 0.035394 seconds 
  Import took 0.041950 seconds .

========================================================================
Received Import Request.
  Time since last request: 0.000309 seconds.
  path: Assets/Sun_Temple/Prefabs/Modules_Common/Bld_Int_HandRails_E.prefab
  artifactKey: Guid(28fbfc2a88b06ab4d87a8ee477ca93c1) Importer(815301076,1909f56bfc062723c751e8b465ee728b)
Start importing Assets/Sun_Temple/Prefabs/Modules_Common/Bld_Int_HandRails_E.prefab using Guid(28fbfc2a88b06ab4d87a8ee477ca93c1) Importer(815301076,1909f56bfc062723c751e8b465ee728b)  -> (artifact id: 'feb0b5dd28bca3c2436499c9b0e730b1') in 0.042604 seconds 
  Import took 0.048393 seconds .

========================================================================
Received Import Request.
  Time since last request: 0.000303 seconds.
  path: Assets/Sun_Temple/Prefabs/Modules_Common/Bld_Int_Hatch_A.prefab
  artifactKey: Guid(f7e696479230ccb4586d5e3109cbd9d8) Importer(815301076,1909f56bfc062723c751e8b465ee728b)
Start importing Assets/Sun_Temple/Prefabs/Modules_Common/Bld_Int_Hatch_A.prefab using Guid(f7e696479230ccb4586d5e3109cbd9d8) Importer(815301076,1909f56bfc062723c751e8b465ee728b)  -> (artifact id: '7f4d67f50cfa3733b3bd078795ea8d2b') in 0.051272 seconds 
  Import took 0.060589 seconds .

========================================================================
Received Import Request.
  Time since last request: 0.000250 seconds.
  path: Assets/Sun_Temple/Prefabs/Modules_Common/Bld_Int_HandRails_D.prefab
  artifactKey: Guid(c4857f932e99af74bb14ed0b18fdcb1e) Importer(815301076,1909f56bfc062723c751e8b465ee728b)
Start importing Assets/Sun_Temple/Prefabs/Modules_Common/Bld_Int_HandRails_D.prefab using Guid(c4857f932e99af74bb14ed0b18fdcb1e) Importer(815301076,1909f56bfc062723c751e8b465ee728b)  -> (artifact id: '96bf1f3a8d3686412b98b6953863473b') in 0.045417 seconds 
  Import took 0.052730 seconds .

========================================================================
Received Import Request.
  Time since last request: 0.180427 seconds.
  path: Assets/Sun_Temple/Prefabs/Modules_Common/Bld_Int_WallPanel_A.prefab
  artifactKey: Guid(aa2de188789e193499684267fc261990) Importer(815301076,1909f56bfc062723c751e8b465ee728b)
Start importing Assets/Sun_Temple/Prefabs/Modules_Common/Bld_Int_WallPanel_A.prefab using Guid(aa2de188789e193499684267fc261990) Importer(815301076,1909f56bfc062723c751e8b465ee728b)  -> (artifact id: '522a4b35ffcb77a1db91e5cfd9dcc29e') in 0.026035 seconds 
  Import took 0.033269 seconds .

========================================================================
Received Import Request.
  Time since last request: 0.000206 seconds.
  path: Assets/Sun_Temple/Prefabs/Modules_Common/Bld_Int_WallPanel_C.prefab
  artifactKey: Guid(2b42ba2cd6543ef41a802e0cbe7982ea) Importer(815301076,1909f56bfc062723c751e8b465ee728b)
Start importing Assets/Sun_Temple/Prefabs/Modules_Common/Bld_Int_WallPanel_C.prefab using Guid(2b42ba2cd6543ef41a802e0cbe7982ea) Importer(815301076,1909f56bfc062723c751e8b465ee728b)  -> (artifact id: 'b93553961f9394abb72584b4be21ecee') in 0.024584 seconds 
  Import took 0.029626 seconds .

========================================================================
Received Import Request.
  Time since last request: 0.000286 seconds.
  path: Assets/Sun_Temple/Prefabs/Modules_Common/Bld_Int_WallPanel_D.prefab
  artifactKey: Guid(69bcdd2aa1b6bb14daf35850863e47ee) Importer(815301076,1909f56bfc062723c751e8b465ee728b)
Start importing Assets/Sun_Temple/Prefabs/Modules_Common/Bld_Int_WallPanel_D.prefab using Guid(69bcdd2aa1b6bb14daf35850863e47ee) Importer(815301076,1909f56bfc062723c751e8b465ee728b)  -> (artifact id: 'bfb2e906c7172258c1b1ba9544c2834f') in 0.027677 seconds 
  Import took 0.034893 seconds .

========================================================================
Received Import Request.
  Time since last request: 0.000305 seconds.
  path: Assets/Sun_Temple/Prefabs/Modules_Common/Bld_Int_WallTrim_A.prefab
  artifactKey: Guid(d4c0a9e48df6d57409fa6f097c7ba299) Importer(815301076,1909f56bfc062723c751e8b465ee728b)
Start importing Assets/Sun_Temple/Prefabs/Modules_Common/Bld_Int_WallTrim_A.prefab using Guid(d4c0a9e48df6d57409fa6f097c7ba299) Importer(815301076,1909f56bfc062723c751e8b465ee728b)  -> (artifact id: 'e3bd546382493a1e7db969987dece0bb') in 0.033185 seconds 
  Import took 0.043320 seconds .

========================================================================
Received Import Request.
  Time since last request: 0.000327 seconds.
  path: Assets/Sun_Temple/Prefabs/Modules_Common/Bld_Int_WallPanel_B.prefab
  artifactKey: Guid(a9eb095f42d6fdf4c81d99f11e4e3c65) Importer(815301076,1909f56bfc062723c751e8b465ee728b)
Start importing Assets/Sun_Temple/Prefabs/Modules_Common/Bld_Int_WallPanel_B.prefab using Guid(a9eb095f42d6fdf4c81d99f11e4e3c65) Importer(815301076,1909f56bfc062723c751e8b465ee728b)  -> (artifact id: '98152f28e1904828add27918de672d07') in 0.029840 seconds 
  Import took 0.040345 seconds .

========================================================================
Received Import Request.
  Time since last request: 0.000336 seconds.
  path: Assets/Sun_Temple/Prefabs/Modules_Common/Bld_Int_WallPanel_E.prefab
  artifactKey: Guid(067e2e2b0e5335747bf6f83de8b6f3f3) Importer(815301076,1909f56bfc062723c751e8b465ee728b)
Start importing Assets/Sun_Temple/Prefabs/Modules_Common/Bld_Int_WallPanel_E.prefab using Guid(067e2e2b0e5335747bf6f83de8b6f3f3) Importer(815301076,1909f56bfc062723c751e8b465ee728b)  -> (artifact id: '60cdc7117a07f575e5e03df2954fe922') in 0.029284 seconds 
  Import took 0.040902 seconds .

========================================================================
Received Import Request.
  Time since last request: 0.140073 seconds.
  path: Assets/Sun_Temple/Prefabs/Modules_Common/Bld_Int_WallTrim_B.prefab
  artifactKey: Guid(3420dbcff9111e94995dbd1d30750e07) Importer(815301076,1909f56bfc062723c751e8b465ee728b)
Start importing Assets/Sun_Temple/Prefabs/Modules_Common/Bld_Int_WallTrim_B.prefab using Guid(3420dbcff9111e94995dbd1d30750e07) Importer(815301076,1909f56bfc062723c751e8b465ee728b)  -> (artifact id: '5b3d8d26859f7672808ef89db085b74c') in 0.040840 seconds 
  Import took 0.051061 seconds .

========================================================================
Received Import Request.
  Time since last request: 0.000196 seconds.
  path: Assets/Sun_Temple/Prefabs/Modules_Common/Bld_Joiner_A.prefab
  artifactKey: Guid(e004479258b08ff4eb573d27e419b271) Importer(815301076,1909f56bfc062723c751e8b465ee728b)
Start importing Assets/Sun_Temple/Prefabs/Modules_Common/Bld_Joiner_A.prefab using Guid(e004479258b08ff4eb573d27e419b271) Importer(815301076,1909f56bfc062723c751e8b465ee728b)  -> (artifact id: '274e1bfb9550bf33974b2af57ef4a04a') in 0.040404 seconds 
  Import took 0.046180 seconds .

========================================================================
Received Import Request.
  Time since last request: 0.000330 seconds.
  path: Assets/Sun_Temple/Prefabs/Modules_Common/Bld_Joiner_A_DecoColumn.prefab
  artifactKey: Guid(779f14bd336154a4dbaafae1f9765a68) Importer(815301076,1909f56bfc062723c751e8b465ee728b)
Start importing Assets/Sun_Temple/Prefabs/Modules_Common/Bld_Joiner_A_DecoColumn.prefab using Guid(779f14bd336154a4dbaafae1f9765a68) Importer(815301076,1909f56bfc062723c751e8b465ee728b)  -> (artifact id: 'eb0aeb7a224a03d26ff7dc97fd543cdd') in 0.058290 seconds 
  Import took 0.065165 seconds .

========================================================================
Received Import Request.
  Time since last request: 0.000349 seconds.
  path: Assets/Sun_Temple/Prefabs/Modules_Common/Bld_Int_WallTrim_C.prefab
  artifactKey: Guid(f23a58b8b621eb84d928ab08dc72e3c0) Importer(815301076,1909f56bfc062723c751e8b465ee728b)
Start importing Assets/Sun_Temple/Prefabs/Modules_Common/Bld_Int_WallTrim_C.prefab using Guid(f23a58b8b621eb84d928ab08dc72e3c0) Importer(815301076,1909f56bfc062723c751e8b465ee728b)  -> (artifact id: 'fb5bf654556faa6278683d326c677466') in 0.030339 seconds 
  Import took 0.036036 seconds .

========================================================================
Received Import Request.
  Time since last request: 0.000287 seconds.
  path: Assets/Sun_Temple/Prefabs/Modules_Common/Bld_Joiner_A_DecoPanel2.prefab
  artifactKey: Guid(9ada4bf93f43d2943a1d5976eb75b757) Importer(815301076,1909f56bfc062723c751e8b465ee728b)
Start importing Assets/Sun_Temple/Prefabs/Modules_Common/Bld_Joiner_A_DecoPanel2.prefab using Guid(9ada4bf93f43d2943a1d5976eb75b757) Importer(815301076,1909f56bfc062723c751e8b465ee728b)  -> (artifact id: 'cbd258dd86c3544964952d8d35f68568') in 0.032107 seconds 
  Import took 0.043219 seconds .

========================================================================
Received Import Request.
  Time since last request: 0.000257 seconds.
  path: Assets/Sun_Temple/Prefabs/Modules_Common/Bld_Joiner_A_DecoPanel.prefab
  artifactKey: Guid(6ed239dbe3480bf43bb6528c113c555e) Importer(815301076,1909f56bfc062723c751e8b465ee728b)
Start importing Assets/Sun_Temple/Prefabs/Modules_Common/Bld_Joiner_A_DecoPanel.prefab using Guid(6ed239dbe3480bf43bb6528c113c555e) Importer(815301076,1909f56bfc062723c751e8b465ee728b)  -> (artifact id: '0f1074e436695c1f05bfe396a218ff90') in 0.034702 seconds 
  Import took 0.042286 seconds .

========================================================================
Received Import Request.
  Time since last request: 0.072559 seconds.
  path: Assets/Sun_Temple/Prefabs/Modules_Common/Bld_Joiner_A_Junc.prefab
  artifactKey: Guid(4117956c70b75974cb6996f87f3266a2) Importer(815301076,1909f56bfc062723c751e8b465ee728b)
Start importing Assets/Sun_Temple/Prefabs/Modules_Common/Bld_Joiner_A_Junc.prefab using Guid(4117956c70b75974cb6996f87f3266a2) Importer(815301076,1909f56bfc062723c751e8b465ee728b)  -> (artifact id: '8c69e6f642cbb297da604447fcb3b6f5') in 0.044088 seconds 
  Import took 0.050031 seconds .

========================================================================
Received Import Request.
  Time since last request: 0.000259 seconds.
  path: Assets/Sun_Temple/Prefabs/Modules_Common/Bld_Joiner_B_End.prefab
  artifactKey: Guid(234b648f8ca186b42aabe022f4bf7fe8) Importer(815301076,1909f56bfc062723c751e8b465ee728b)
Start importing Assets/Sun_Temple/Prefabs/Modules_Common/Bld_Joiner_B_End.prefab using Guid(234b648f8ca186b42aabe022f4bf7fe8) Importer(815301076,1909f56bfc062723c751e8b465ee728b)  -> (artifact id: '14b1a11050f373e7154d10aff99875be') in 0.078786 seconds 
  Import took 0.088842 seconds .

========================================================================
Received Import Request.
  Time since last request: 0.000216 seconds.
  path: Assets/Sun_Temple/Prefabs/Modules_Common/Bld_Joiner_B_Junc_RoofB.prefab
  artifactKey: Guid(611a1d79757eae845a4717c4c11f3ee1) Importer(815301076,1909f56bfc062723c751e8b465ee728b)
Start importing Assets/Sun_Temple/Prefabs/Modules_Common/Bld_Joiner_B_Junc_RoofB.prefab using Guid(611a1d79757eae845a4717c4c11f3ee1) Importer(815301076,1909f56bfc062723c751e8b465ee728b)  -> (artifact id: '4cfd5cd8f49acdda8e904d855b985059') in 0.086739 seconds 
  Import took 0.094983 seconds .

========================================================================
Received Import Request.
  Time since last request: 0.000214 seconds.
  path: Assets/Sun_Temple/Prefabs/Modules_Common/Bld_Joiner_B_Mid.prefab
  artifactKey: Guid(e1c7b10d90eaed547a09f3da61298f8c) Importer(815301076,1909f56bfc062723c751e8b465ee728b)
Start importing Assets/Sun_Temple/Prefabs/Modules_Common/Bld_Joiner_B_Mid.prefab using Guid(e1c7b10d90eaed547a09f3da61298f8c) Importer(815301076,1909f56bfc062723c751e8b465ee728b)  -> (artifact id: '472e820a8bc1b405975f916502372ee3') in 0.105453 seconds 
  Import took 0.113928 seconds .

========================================================================
Received Import Request.
  Time since last request: 0.000194 seconds.
  path: Assets/Sun_Temple/Prefabs/Modules_Common/Bld_Joiner_B_Junc.prefab
  artifactKey: Guid(8882782f3dc14c44287747bd23d842bd) Importer(815301076,1909f56bfc062723c751e8b465ee728b)
Start importing Assets/Sun_Temple/Prefabs/Modules_Common/Bld_Joiner_B_Junc.prefab using Guid(8882782f3dc14c44287747bd23d842bd) Importer(815301076,1909f56bfc062723c751e8b465ee728b)  -> (artifact id: 'a4288a5a1b79118b317415e177f01fdd') in 0.079682 seconds 
  Import took 0.090474 seconds .

========================================================================
Received Import Request.
  Time since last request: 0.000234 seconds.
  path: Assets/Sun_Temple/Prefabs/Modules_Common/Bld_LongTriangular_Base.prefab
  artifactKey: Guid(9345b473bdbe401459d74ec870e66048) Importer(815301076,1909f56bfc062723c751e8b465ee728b)
Start importing Assets/Sun_Temple/Prefabs/Modules_Common/Bld_LongTriangular_Base.prefab using Guid(9345b473bdbe401459d74ec870e66048) Importer(815301076,1909f56bfc062723c751e8b465ee728b)  -> (artifact id: '27818af1cbf72f0da869dec2da0ca14e') in 0.074359 seconds 
  Import took 0.085816 seconds .

========================================================================
Received Import Request.
  Time since last request: 0.000267 seconds.
  path: Assets/Sun_Temple/Prefabs/Modules_Common/Bld_LongTriangular_Top.prefab
  artifactKey: Guid(ac90457f7b464f443a40e0c566f92005) Importer(815301076,1909f56bfc062723c751e8b465ee728b)
Start importing Assets/Sun_Temple/Prefabs/Modules_Common/Bld_LongTriangular_Top.prefab using Guid(ac90457f7b464f443a40e0c566f92005) Importer(815301076,1909f56bfc062723c751e8b465ee728b)  -> (artifact id: '04eb1a6d263b2df24a366a9e0586fda1') in 0.093973 seconds 
  Import took 0.106580 seconds .

========================================================================
Received Import Request.
  Time since last request: 0.000256 seconds.
  path: Assets/Sun_Temple/Prefabs/Modules_Common/Bld_LongTriangular_Int_Stairs_A.prefab
  artifactKey: Guid(dbc77b13e0499d94ab6d1f3f26bb0f8c) Importer(815301076,1909f56bfc062723c751e8b465ee728b)
Start importing Assets/Sun_Temple/Prefabs/Modules_Common/Bld_LongTriangular_Int_Stairs_A.prefab using Guid(dbc77b13e0499d94ab6d1f3f26bb0f8c) Importer(815301076,1909f56bfc062723c751e8b465ee728b)  -> (artifact id: 'b2510ad4b360fde563190a7b4b5e69d3') in 0.053147 seconds 
  Import took 0.060950 seconds .

========================================================================
Received Import Request.
  Time since last request: 0.000215 seconds.
  path: Assets/Sun_Temple/Prefabs/Modules_Common/Bld_Joiner_B_Junc_RoofA.prefab
  artifactKey: Guid(3c026a15dbdfc9a4d98fbc2cde0e5312) Importer(815301076,1909f56bfc062723c751e8b465ee728b)
Start importing Assets/Sun_Temple/Prefabs/Modules_Common/Bld_Joiner_B_Junc_RoofA.prefab using Guid(3c026a15dbdfc9a4d98fbc2cde0e5312) Importer(815301076,1909f56bfc062723c751e8b465ee728b)  -> (artifact id: '5e4acfdb090c3ede42f730dfca6ef8a9') in 0.053873 seconds 
  Import took 0.064447 seconds .

========================================================================
Received Import Request.
  Time since last request: 0.000276 seconds.
  path: Assets/Sun_Temple/Prefabs/Modules_Common/Bld_Medium_Int_Stairs_A.prefab
  artifactKey: Guid(2da007df652b3a9489a0958aa80b876d) Importer(815301076,1909f56bfc062723c751e8b465ee728b)
Start importing Assets/Sun_Temple/Prefabs/Modules_Common/Bld_Medium_Int_Stairs_A.prefab using Guid(2da007df652b3a9489a0958aa80b876d) Importer(815301076,1909f56bfc062723c751e8b465ee728b)  -> (artifact id: 'afc7e86785e6a530d1f90bfeccc0ec5d') in 0.045500 seconds 
  Import took 0.053387 seconds .

========================================================================
Received Import Request.
  Time since last request: 0.000208 seconds.
  path: Assets/Sun_Temple/Prefabs/Modules_Common/Bld_Medium_Mid_A.prefab
  artifactKey: Guid(b0c65229abea8da41bb548189286ece1) Importer(815301076,1909f56bfc062723c751e8b465ee728b)
Start importing Assets/Sun_Temple/Prefabs/Modules_Common/Bld_Medium_Mid_A.prefab using Guid(b0c65229abea8da41bb548189286ece1) Importer(815301076,1909f56bfc062723c751e8b465ee728b)  -> (artifact id: 'ce48dcecd0fe246aacc858a76c3747c3') in 0.055392 seconds 
  Import took 0.064070 seconds .

========================================================================
Received Import Request.
  Time since last request: 0.000227 seconds.
  path: Assets/Sun_Temple/Prefabs/Modules_Common/Bld_Medium_Base_A.prefab
  artifactKey: Guid(8792bca16b512d34486bcc974362ce7a) Importer(815301076,1909f56bfc062723c751e8b465ee728b)
Start importing Assets/Sun_Temple/Prefabs/Modules_Common/Bld_Medium_Base_A.prefab using Guid(8792bca16b512d34486bcc974362ce7a) Importer(815301076,1909f56bfc062723c751e8b465ee728b)  -> (artifact id: 'aee29449e359a56401a427b95f38ef45') in 0.078032 seconds 
  Import took 0.091548 seconds .

========================================================================
Received Import Request.
  Time since last request: 0.000225 seconds.
  path: Assets/Sun_Temple/Prefabs/Modules_Common/Bld_Medium_Roof_A.prefab
  artifactKey: Guid(9289f6de69a4db549a9a3ea44f5d047d) Importer(815301076,1909f56bfc062723c751e8b465ee728b)
Start importing Assets/Sun_Temple/Prefabs/Modules_Common/Bld_Medium_Roof_A.prefab using Guid(9289f6de69a4db549a9a3ea44f5d047d) Importer(815301076,1909f56bfc062723c751e8b465ee728b)  -> (artifact id: '6f82d1f663c8f42b52680373b02eaaa4') in 0.080954 seconds 
  Import took 0.089922 seconds .

========================================================================
Received Import Request.
  Time since last request: 0.000209 seconds.
  path: Assets/Sun_Temple/Prefabs/Modules_Common/Bld_Medium_Top_A.prefab
  artifactKey: Guid(1955296bd2955984f96bf0beac696a97) Importer(815301076,1909f56bfc062723c751e8b465ee728b)
Start importing Assets/Sun_Temple/Prefabs/Modules_Common/Bld_Medium_Top_A.prefab using Guid(1955296bd2955984f96bf0beac696a97) Importer(815301076,1909f56bfc062723c751e8b465ee728b)  -> (artifact id: '4ea9fc62826b3cd8384ec0026c85105a') in 0.094759 seconds 
  Import took 0.104290 seconds .

========================================================================
Received Import Request.
  Time since last request: 0.100101 seconds.
  path: Assets/Sun_Temple/Prefabs/Modules_Common/Bld_Rectangular_Base.prefab
  artifactKey: Guid(3658f92055da9694e82853b07bb1e92e) Importer(815301076,1909f56bfc062723c751e8b465ee728b)
Start importing Assets/Sun_Temple/Prefabs/Modules_Common/Bld_Rectangular_Base.prefab using Guid(3658f92055da9694e82853b07bb1e92e) Importer(815301076,1909f56bfc062723c751e8b465ee728b)  -> (artifact id: 'f483b5e8d1e824640edf395658915727') in 0.075384 seconds 
  Import took 0.086114 seconds .

========================================================================
Received Import Request.
  Time since last request: 0.000287 seconds.
  path: Assets/Sun_Temple/Prefabs/Modules_Common/Bld_Square_Base_A.prefab
  artifactKey: Guid(7e13d78daabacb64a99dadce5c8f7ba2) Importer(815301076,1909f56bfc062723c751e8b465ee728b)
Start importing Assets/Sun_Temple/Prefabs/Modules_Common/Bld_Square_Base_A.prefab using Guid(7e13d78daabacb64a99dadce5c8f7ba2) Importer(815301076,1909f56bfc062723c751e8b465ee728b)  -> (artifact id: '6fee8f053aa5aa2372b80fa94c1c2c18') in 0.087002 seconds 
  Import took 0.097226 seconds .

========================================================================
Received Import Request.
  Time since last request: 0.000187 seconds.
  path: Assets/Sun_Temple/Prefabs/Modules_Common/Bld_Rectangular_Top.prefab
  artifactKey: Guid(b20ccdb3f353ae140b56db02bec2d05a) Importer(815301076,1909f56bfc062723c751e8b465ee728b)
Start importing Assets/Sun_Temple/Prefabs/Modules_Common/Bld_Rectangular_Top.prefab using Guid(b20ccdb3f353ae140b56db02bec2d05a) Importer(815301076,1909f56bfc062723c751e8b465ee728b)  -> (artifact id: 'b667141b39bb4114b79b500234099d02') in 0.095136 seconds 
  Import took 0.104751 seconds .

========================================================================
Received Import Request.
  Time since last request: 0.000203 seconds.
  path: Assets/Sun_Temple/Prefabs/Modules_Common/Bld_Rectangular_Mid.prefab
  artifactKey: Guid(0d53f3afe07ac7247af0316aa21a1332) Importer(815301076,1909f56bfc062723c751e8b465ee728b)
Start importing Assets/Sun_Temple/Prefabs/Modules_Common/Bld_Rectangular_Mid.prefab using Guid(0d53f3afe07ac7247af0316aa21a1332) Importer(815301076,1909f56bfc062723c751e8b465ee728b)  -> (artifact id: '8dfde5715deb9093ea1c863a55d92e04') in 0.073966 seconds 
  Import took 0.082344 seconds .

========================================================================
Received Import Request.
  Time since last request: 0.249726 seconds.
  path: Assets/Sun_Temple/Prefabs/Modules_Common/Bld_Square_Int_Staris_A.prefab
  artifactKey: Guid(c7af13391779e3c468e41ece9e0f661b) Importer(815301076,1909f56bfc062723c751e8b465ee728b)
Start importing Assets/Sun_Temple/Prefabs/Modules_Common/Bld_Square_Int_Staris_A.prefab using Guid(c7af13391779e3c468e41ece9e0f661b) Importer(815301076,1909f56bfc062723c751e8b465ee728b)  -> (artifact id: '095e2b0845bbdc154efbb6b219770532') in 0.032501 seconds 
  Import took 0.038202 seconds .

========================================================================
Received Import Request.
  Time since last request: 0.000189 seconds.
  path: Assets/Sun_Temple/Prefabs/Modules_Common/Bld_Square_Roof_A.prefab
  artifactKey: Guid(c660c7e23ac0df44a8ea8938c992fdde) Importer(815301076,1909f56bfc062723c751e8b465ee728b)
Start importing Assets/Sun_Temple/Prefabs/Modules_Common/Bld_Square_Roof_A.prefab using Guid(c660c7e23ac0df44a8ea8938c992fdde) Importer(815301076,1909f56bfc062723c751e8b465ee728b)  -> (artifact id: 'ff9dfd1c70ddcaeee8a81d039c5b24ce') in 0.058775 seconds 
  Import took 0.067105 seconds .

========================================================================
Received Import Request.
  Time since last request: 0.000267 seconds.
  path: Assets/Sun_Temple/Prefabs/Modules_Common/Bld_Square_Mid_A.prefab
  artifactKey: Guid(4cb207c938e7e0d469fa8b3800a40446) Importer(815301076,1909f56bfc062723c751e8b465ee728b)
Start importing Assets/Sun_Temple/Prefabs/Modules_Common/Bld_Square_Mid_A.prefab using Guid(4cb207c938e7e0d469fa8b3800a40446) Importer(815301076,1909f56bfc062723c751e8b465ee728b)  -> (artifact id: 'ef8a0fccac7856d18f003df3dd38bc83') in 0.044024 seconds 
  Import took 0.051149 seconds .

========================================================================
Received Import Request.
  Time since last request: 0.000329 seconds.
  path: Assets/Sun_Temple/Prefabs/Modules_Common/Bld_Tall_Base_A.prefab
  artifactKey: Guid(d9acf3ef8d7abd1429d1628e32b49747) Importer(815301076,1909f56bfc062723c751e8b465ee728b)
Start importing Assets/Sun_Temple/Prefabs/Modules_Common/Bld_Tall_Base_A.prefab using Guid(d9acf3ef8d7abd1429d1628e32b49747) Importer(815301076,1909f56bfc062723c751e8b465ee728b)  -> (artifact id: '8380fed85f06be3c2cfbd623df605dfb') in 0.087883 seconds 
  Import took 0.095961 seconds .

========================================================================
Received Import Request.
  Time since last request: 0.200148 seconds.
  path: Assets/Sun_Temple/Prefabs/Modules_Common/Bld_Tall_Int_Staircase_A.prefab
  artifactKey: Guid(352fb318864406d439b54951bbb7e8b1) Importer(815301076,1909f56bfc062723c751e8b465ee728b)
Start importing Assets/Sun_Temple/Prefabs/Modules_Common/Bld_Tall_Int_Staircase_A.prefab using Guid(352fb318864406d439b54951bbb7e8b1) Importer(815301076,1909f56bfc062723c751e8b465ee728b)  -> (artifact id: 'a10b0ee73360cd9b042c420efb063af7') in 0.051119 seconds 
  Import took 0.057884 seconds .

========================================================================
Received Import Request.
  Time since last request: 0.000208 seconds.
  path: Assets/Sun_Temple/Prefabs/Modules_Common/Bld_Tall_Top_A.prefab
  artifactKey: Guid(32f55d9210e68ca498ba76fd260c4eb0) Importer(815301076,1909f56bfc062723c751e8b465ee728b)
Start importing Assets/Sun_Temple/Prefabs/Modules_Common/Bld_Tall_Top_A.prefab using Guid(32f55d9210e68ca498ba76fd260c4eb0) Importer(815301076,1909f56bfc062723c751e8b465ee728b)  -> (artifact id: '7ed82bde9054ee5867fc5d6cbd1a01e0') in 0.078664 seconds 
  Import took 0.085779 seconds .

========================================================================
Received Import Request.
  Time since last request: 0.000251 seconds.
  path: Assets/Sun_Temple/Prefabs/Modules_Common/Bld_Tall_Mid_A.prefab
  artifactKey: Guid(4a8fa478522495e488c1602699089f77) Importer(815301076,1909f56bfc062723c751e8b465ee728b)
Start importing Assets/Sun_Temple/Prefabs/Modules_Common/Bld_Tall_Mid_A.prefab using Guid(4a8fa478522495e488c1602699089f77) Importer(815301076,1909f56bfc062723c751e8b465ee728b)  -> (artifact id: '6aa0c6eee570efcae3c62e8830ccd4e0') in 0.056698 seconds 
  Import took 0.063972 seconds .

========================================================================
Received Prepare
Registering precompiled user dll's ...
Registered in 0.007376 seconds.
Begin MonoManager ReloadAssembly
Native extension for WindowsStandalone target not found
Refreshing native plugins compatible for Editor in 2.35 ms, found 2 plugins.
Preloading 0 native plugins for Editor in 0.00 ms.
Mono: successfully reloaded assembly
- Completed reload, in  2.541 seconds
Domain Reload Profiling:
	ReloadAssembly (2542ms)
		BeginReloadAssembly (355ms)
			ExecutionOrderSort (0ms)
			DisableScriptedObjects (24ms)
			BackupInstance (0ms)
			ReleaseScriptingObjects (1ms)
			CreateAndSetChildDomain (140ms)
		EndReloadAssembly (2023ms)
			LoadAssemblies (252ms)
			RebuildTransferFunctionScriptingTraits (0ms)
			SetupTypeCache (718ms)
			ReleaseScriptCaches (3ms)
			RebuildScriptCaches (99ms)
			SetupLoadedEditorAssemblies (653ms)
				LogAssemblyErrors (0ms)
				InitializePlatformSupportModulesInManaged (9ms)
				SetLoadedEditorAssemblies (1ms)
				RefreshPlugins (2ms)
				BeforeProcessingInitializeOnLoad (175ms)
				ProcessInitializeOnLoadAttributes (437ms)
				ProcessInitializeOnLoadMethodAttributes (18ms)
				AfterProcessingInitializeOnLoad (9ms)
				EditorAssembliesLoaded (0ms)
			ExecutionOrderSort2 (0ms)
			AwakeInstancesAfterBackupRestoration (42ms)
Platform modules already initialized, skipping
Refreshing native plugins compatible for Editor in 1.83 ms, found 2 plugins.
Preloading 0 native plugins for Editor in 0.00 ms.
Unloading 2889 Unused Serialized files (Serialized files now loaded: 0)
System memory in use before: 160.2 MB.
System memory in use after: 159.8 MB.

Unloading 18 unused Assets to reduce memory usage. Loaded Objects now: 3569.
Total: 8.643400 ms (FindLiveObjects: 0.698700 ms CreateObjectMapping: 0.307600 ms MarkObjects: 6.887200 ms  DeleteObjects: 0.748500 ms)

AssetImportParameters requested are different than current active one (requested -> active):
  custom:framework-win-MediaFoundation: 216162199b28c13a410421893ffa2e32 -> 
  custom:video-decoder-ogg-theora: a1e56fd34408186e4bbccfd4996cb3dc -> 
  custom:container-muxer-webm: aa71ff27fc2769a1b78a27578f13a17b -> 
  custom:container-demuxer-webm: 4f35f7cbe854078d1ac9338744f61a02 -> 
  custom:container-demuxer-ogg: 62fdf1f143b41e24485cea50d1cbac27 -> 
  custom:video-encoder-webm-vp8: eb34c28f22e8b96e1ab97ce403110664 -> 
  custom:video-decoder-webm-vp8: 9c59270c3fd7afecdb556c50c9e8de78 -> 
  custom:audio-decoder-ogg-vorbis: bf7c407c2cedff20999df2af8eb42d56 -> 
  custom:audio-encoder-webm-vorbis: bf7c407c2cedff20999df2af8eb42d56 -> 
========================================================================
Received Prepare
Registering precompiled user dll's ...
Registered in 0.007398 seconds.
Begin MonoManager ReloadAssembly
Native extension for WindowsStandalone target not found
Refreshing native plugins compatible for Editor in 1.28 ms, found 2 plugins.
Preloading 0 native plugins for Editor in 0.00 ms.
Mono: successfully reloaded assembly
- Completed reload, in  2.365 seconds
Domain Reload Profiling:
	ReloadAssembly (2366ms)
		BeginReloadAssembly (223ms)
			ExecutionOrderSort (0ms)
			DisableScriptedObjects (10ms)
			BackupInstance (0ms)
			ReleaseScriptingObjects (0ms)
			CreateAndSetChildDomain (75ms)
		EndReloadAssembly (2019ms)
			LoadAssemblies (220ms)
			RebuildTransferFunctionScriptingTraits (0ms)
			SetupTypeCache (753ms)
			ReleaseScriptCaches (8ms)
			RebuildScriptCaches (96ms)
			SetupLoadedEditorAssemblies (639ms)
				LogAssemblyErrors (0ms)
				InitializePlatformSupportModulesInManaged (10ms)
				SetLoadedEditorAssemblies (1ms)
				RefreshPlugins (2ms)
				BeforeProcessingInitializeOnLoad (174ms)
				ProcessInitializeOnLoadAttributes (423ms)
				ProcessInitializeOnLoadMethodAttributes (19ms)
				AfterProcessingInitializeOnLoad (10ms)
				EditorAssembliesLoaded (1ms)
			ExecutionOrderSort2 (0ms)
			AwakeInstancesAfterBackupRestoration (35ms)
Platform modules already initialized, skipping
Refreshing native plugins compatible for Editor in 1.21 ms, found 2 plugins.
Preloading 0 native plugins for Editor in 0.00 ms.
Unloading 2889 Unused Serialized files (Serialized files now loaded: 0)
System memory in use before: 160.2 MB.
System memory in use after: 159.8 MB.

Unloading 18 unused Assets to reduce memory usage. Loaded Objects now: 3571.
Total: 8.029700 ms (FindLiveObjects: 0.625300 ms CreateObjectMapping: 0.292000 ms MarkObjects: 5.408300 ms  DeleteObjects: 1.701900 ms)

AssetImportParameters requested are different than current active one (requested -> active):
  custom:framework-win-MediaFoundation: 216162199b28c13a410421893ffa2e32 -> 
  custom:video-decoder-ogg-theora: a1e56fd34408186e4bbccfd4996cb3dc -> 
  custom:container-muxer-webm: aa71ff27fc2769a1b78a27578f13a17b -> 
  custom:container-demuxer-webm: 4f35f7cbe854078d1ac9338744f61a02 -> 
  custom:container-demuxer-ogg: 62fdf1f143b41e24485cea50d1cbac27 -> 
  custom:video-encoder-webm-vp8: eb34c28f22e8b96e1ab97ce403110664 -> 
  custom:video-decoder-webm-vp8: 9c59270c3fd7afecdb556c50c9e8de78 -> 
  custom:audio-decoder-ogg-vorbis: bf7c407c2cedff20999df2af8eb42d56 -> 
  custom:audio-encoder-webm-vorbis: bf7c407c2cedff20999df2af8eb42d56 -> 
========================================================================
Received Prepare
Registering precompiled user dll's ...
Registered in 0.005229 seconds.
Begin MonoManager ReloadAssembly
Native extension for WindowsStandalone target not found
Refreshing native plugins compatible for Editor in 0.92 ms, found 2 plugins.
Preloading 0 native plugins for Editor in 0.00 ms.
Mono: successfully reloaded assembly
- Completed reload, in  1.421 seconds
Domain Reload Profiling:
	ReloadAssembly (1421ms)
		BeginReloadAssembly (104ms)
			ExecutionOrderSort (0ms)
			DisableScriptedObjects (4ms)
			BackupInstance (0ms)
			ReleaseScriptingObjects (0ms)
			CreateAndSetChildDomain (31ms)
		EndReloadAssembly (1255ms)
			LoadAssemblies (82ms)
			RebuildTransferFunctionScriptingTraits (0ms)
			SetupTypeCache (503ms)
			ReleaseScriptCaches (2ms)
			RebuildScriptCaches (61ms)
			SetupLoadedEditorAssemblies (401ms)
				LogAssemblyErrors (0ms)
				InitializePlatformSupportModulesInManaged (7ms)
				SetLoadedEditorAssemblies (1ms)
				RefreshPlugins (1ms)
				BeforeProcessingInitializeOnLoad (113ms)
				ProcessInitializeOnLoadAttributes (266ms)
				ProcessInitializeOnLoadMethodAttributes (9ms)
				AfterProcessingInitializeOnLoad (5ms)
				EditorAssembliesLoaded (0ms)
			ExecutionOrderSort2 (0ms)
			AwakeInstancesAfterBackupRestoration (17ms)
Platform modules already initialized, skipping
Refreshing native plugins compatible for Editor in 0.77 ms, found 2 plugins.
Preloading 0 native plugins for Editor in 0.00 ms.
Unloading 2889 Unused Serialized files (Serialized files now loaded: 0)
System memory in use before: 160.2 MB.
System memory in use after: 159.8 MB.

Unloading 18 unused Assets to reduce memory usage. Loaded Objects now: 3573.
Total: 4.601500 ms (FindLiveObjects: 0.328800 ms CreateObjectMapping: 0.139100 ms MarkObjects: 3.433900 ms  DeleteObjects: 0.697900 ms)

AssetImportParameters requested are different than current active one (requested -> active):
  custom:framework-win-MediaFoundation: 216162199b28c13a410421893ffa2e32 -> 
  custom:video-decoder-ogg-theora: a1e56fd34408186e4bbccfd4996cb3dc -> 
  custom:container-muxer-webm: aa71ff27fc2769a1b78a27578f13a17b -> 
  custom:container-demuxer-webm: 4f35f7cbe854078d1ac9338744f61a02 -> 
  custom:container-demuxer-ogg: 62fdf1f143b41e24485cea50d1cbac27 -> 
  custom:video-encoder-webm-vp8: eb34c28f22e8b96e1ab97ce403110664 -> 
  custom:video-decoder-webm-vp8: 9c59270c3fd7afecdb556c50c9e8de78 -> 
  custom:audio-decoder-ogg-vorbis: bf7c407c2cedff20999df2af8eb42d56 -> 
  custom:audio-encoder-webm-vorbis: bf7c407c2cedff20999df2af8eb42d56 -> 
========================================================================
Received Prepare
Registering precompiled user dll's ...
Registered in 0.004657 seconds.
Begin MonoManager ReloadAssembly
Native extension for WindowsStandalone target not found
Refreshing native plugins compatible for Editor in 0.79 ms, found 2 plugins.
Preloading 0 native plugins for Editor in 0.00 ms.
Mono: successfully reloaded assembly
- Completed reload, in  1.176 seconds
Domain Reload Profiling:
	ReloadAssembly (1176ms)
		BeginReloadAssembly (112ms)
			ExecutionOrderSort (0ms)
			DisableScriptedObjects (4ms)
			BackupInstance (0ms)
			ReleaseScriptingObjects (0ms)
			CreateAndSetChildDomain (30ms)
		EndReloadAssembly (1004ms)
			LoadAssemblies (84ms)
			RebuildTransferFunctionScriptingTraits (0ms)
			SetupTypeCache (422ms)
			ReleaseScriptCaches (1ms)
			RebuildScriptCaches (46ms)
			SetupLoadedEditorAssemblies (293ms)
				LogAssemblyErrors (0ms)
				InitializePlatformSupportModulesInManaged (5ms)
				SetLoadedEditorAssemblies (1ms)
				RefreshPlugins (1ms)
				BeforeProcessingInitializeOnLoad (84ms)
				ProcessInitializeOnLoadAttributes (191ms)
				ProcessInitializeOnLoadMethodAttributes (7ms)
				AfterProcessingInitializeOnLoad (4ms)
				EditorAssembliesLoaded (0ms)
			ExecutionOrderSort2 (0ms)
			AwakeInstancesAfterBackupRestoration (15ms)
Platform modules already initialized, skipping
Refreshing native plugins compatible for Editor in 0.72 ms, found 2 plugins.
Preloading 0 native plugins for Editor in 0.00 ms.
Unloading 2889 Unused Serialized files (Serialized files now loaded: 0)
System memory in use before: 160.2 MB.
System memory in use after: 159.8 MB.

Unloading 18 unused Assets to reduce memory usage. Loaded Objects now: 3575.
Total: 8.533600 ms (FindLiveObjects: 1.118100 ms CreateObjectMapping: 0.628500 ms MarkObjects: 5.903600 ms  DeleteObjects: 0.881500 ms)

AssetImportParameters requested are different than current active one (requested -> active):
  custom:framework-win-MediaFoundation: 216162199b28c13a410421893ffa2e32 -> 
  custom:video-decoder-ogg-theora: a1e56fd34408186e4bbccfd4996cb3dc -> 
  custom:container-muxer-webm: aa71ff27fc2769a1b78a27578f13a17b -> 
  custom:container-demuxer-webm: 4f35f7cbe854078d1ac9338744f61a02 -> 
  custom:container-demuxer-ogg: 62fdf1f143b41e24485cea50d1cbac27 -> 
  custom:video-encoder-webm-vp8: eb34c28f22e8b96e1ab97ce403110664 -> 
  custom:video-decoder-webm-vp8: 9c59270c3fd7afecdb556c50c9e8de78 -> 
  custom:audio-decoder-ogg-vorbis: bf7c407c2cedff20999df2af8eb42d56 -> 
  custom:audio-encoder-webm-vorbis: bf7c407c2cedff20999df2af8eb42d56 -> 
========================================================================
Received Prepare
Registering precompiled user dll's ...
Registered in 0.004225 seconds.
Begin MonoManager ReloadAssembly
Native extension for WindowsStandalone target not found
Refreshing native plugins compatible for Editor in 0.75 ms, found 2 plugins.
Preloading 0 native plugins for Editor in 0.00 ms.
Mono: successfully reloaded assembly
- Completed reload, in  1.388 seconds
Domain Reload Profiling:
	ReloadAssembly (1389ms)
		BeginReloadAssembly (119ms)
			ExecutionOrderSort (0ms)
			DisableScriptedObjects (5ms)
			BackupInstance (0ms)
			ReleaseScriptingObjects (0ms)
			CreateAndSetChildDomain (45ms)
		EndReloadAssembly (1189ms)
			LoadAssemblies (99ms)
			RebuildTransferFunctionScriptingTraits (0ms)
			SetupTypeCache (511ms)
			ReleaseScriptCaches (1ms)
			RebuildScriptCaches (66ms)
			SetupLoadedEditorAssemblies (330ms)
				LogAssemblyErrors (0ms)
				InitializePlatformSupportModulesInManaged (5ms)
				SetLoadedEditorAssemblies (0ms)
				RefreshPlugins (1ms)
				BeforeProcessingInitializeOnLoad (98ms)
				ProcessInitializeOnLoadAttributes (214ms)
				ProcessInitializeOnLoadMethodAttributes (7ms)
				AfterProcessingInitializeOnLoad (5ms)
				EditorAssembliesLoaded (0ms)
			ExecutionOrderSort2 (0ms)
			AwakeInstancesAfterBackupRestoration (16ms)
Platform modules already initialized, skipping
Refreshing native plugins compatible for Editor in 1.15 ms, found 2 plugins.
Preloading 0 native plugins for Editor in 0.00 ms.
Unloading 2889 Unused Serialized files (Serialized files now loaded: 0)
System memory in use before: 160.3 MB.
System memory in use after: 159.8 MB.

Unloading 18 unused Assets to reduce memory usage. Loaded Objects now: 3577.
Total: 6.300600 ms (FindLiveObjects: 0.383300 ms CreateObjectMapping: 0.191500 ms MarkObjects: 4.800600 ms  DeleteObjects: 0.923700 ms)

AssetImportParameters requested are different than current active one (requested -> active):
  custom:framework-win-MediaFoundation: 216162199b28c13a410421893ffa2e32 -> 
  custom:video-decoder-ogg-theora: a1e56fd34408186e4bbccfd4996cb3dc -> 
  custom:container-muxer-webm: aa71ff27fc2769a1b78a27578f13a17b -> 
  custom:container-demuxer-webm: 4f35f7cbe854078d1ac9338744f61a02 -> 
  custom:container-demuxer-ogg: 62fdf1f143b41e24485cea50d1cbac27 -> 
  custom:video-encoder-webm-vp8: eb34c28f22e8b96e1ab97ce403110664 -> 
  custom:video-decoder-webm-vp8: 9c59270c3fd7afecdb556c50c9e8de78 -> 
  custom:audio-decoder-ogg-vorbis: bf7c407c2cedff20999df2af8eb42d56 -> 
  custom:audio-encoder-webm-vorbis: bf7c407c2cedff20999df2af8eb42d56 -> 
AssetImportWorkerClient::OnTransportError - code=2 error=End of file
